[2021-03-22 16:07:27,221] multiqc                                            [DEBUG  ]  No MultiQC config found: /home/igrorp/anaconda3/envs/neo/lib/python3.6/site-packages/multiqc_config.yaml
[2021-03-22 16:07:27,222] multiqc                                            [DEBUG  ]  No MultiQC config found: /home/igrorp/.multiqc_config.yaml
[2021-03-22 16:07:27,223] multiqc                                            [DEBUG  ]  No MultiQC config found: multiqc_config.yaml
[2021-03-22 16:07:27,223] multiqc                                            [DEBUG  ]  Command used: /home/igrorp/anaconda3/envs/neo/bin/multiqc -d task4/ -o task4/multiqc_cleaning/ -x multiqc_raw/
[2021-03-22 16:07:28,487] multiqc                                            [DEBUG  ]  Latest MultiQC version is v1.10
[2021-03-22 16:07:28,488] multiqc                                            [INFO   ]  This is MultiQC v1.10
[2021-03-22 16:07:28,488] multiqc                                            [DEBUG  ]  Command     : /home/igrorp/anaconda3/envs/neo/bin/multiqc -d task4/ -o task4/multiqc_cleaning/ -x multiqc_raw/
[2021-03-22 16:07:28,488] multiqc                                            [DEBUG  ]  Working dir : /mnt/c/Users/Igor/OneDrive/Documents/neo
[2021-03-22 16:07:28,488] multiqc                                            [INFO   ]  Template    : default
[2021-03-22 16:07:28,489] multiqc                                            [DEBUG  ]  Running Python 3.6.13 | packaged by conda-forge | (default, Feb 19 2021, 05:36:01)  [GCC 9.3.0]
[2021-03-22 16:07:28,489] multiqc                                            [DEBUG  ]  Ignoring files, directories and paths that match: multiqc_raw/
[2021-03-22 16:07:28,489] multiqc                                            [INFO   ]  Prepending directory to sample names
[2021-03-22 16:07:28,489] multiqc                                            [INFO   ]  Searching   : /mnt/c/Users/Igor/OneDrive/Documents/neo/task4
[2021-03-22 16:07:28,490] multiqc                                            [DEBUG  ]  Analysing modules: custom_content, ngsderive, purple, conpair, peddy, somalier, methylQA, mosdepth, phantompeakqualtools, qualimap, preseq, quast, qorts, rna_seqc, rockhopper, rsem, rseqc, busco, goleft_indexcov, disambiguate, supernova, deeptools, sargasso, verifybamid, mirtrace, happy, mirtop, homer, hops, macs2, theta2, snpeff, gatk, htseq, bcftools, featureCounts, fgbio, dragen, dedup, damageprofiler, biobambam2, jcvi, mtnucratio, picard, sentieon, prokka, qc3C, samblaster, samtools, sexdeterrmine, eigenstratdatabasetools, bamtools, jellyfish, vcftools, longranger, stacks, varscan2, bbmap, bismark, biscuit, hicexplorer, hicup, hicpro, salmon, kallisto, slamdunk, star, hisat2, tophat, bowtie2, bowtie1, snpsplit, kat, leehom, adapterRemoval, clipandmerge, cutadapt, flexbar, kaiju, kraken, malt, trimmomatic, sickle, skewer, sortmerna, biobloomtools, fastq_screen, afterqc, fastp, fastqc, pychopper, pycoqc, minionqc, multivcfanalyzer, clusterflow, bcl2fastq, interop, ivar, flash, seqyclean, optitype
[2021-03-22 16:07:28,490] multiqc                                            [DEBUG  ]  Using temporary directory for creating report: /tmp/tmpk9izd66_
[2021-03-22 16:07:28,610] multiqc                                            [DEBUG  ]  Ignoring directory as matched fn_ignore_dirs: task4/multiqc_raw
[2021-03-22 16:07:28,874] multiqc                                            [DEBUG  ]  File ignored by longranger/invocation because it exceeded search pattern filesize limit: workflow.md
[2021-03-22 16:07:29,206] multiqc                                            [DEBUG  ]  File ignored by hicexplorer because it exceeded search pattern filesize limit: F3D0_S188_L001_R1_001_trimmed_fastqc.html
[2021-03-22 16:07:29,290] multiqc                                            [DEBUG  ]  File ignored by longranger/invocation because it exceeded search pattern filesize limit: F3D0_S188_L001_R1_001_trimmed_fastqc.html
[2021-03-22 16:07:29,290] multiqc                                            [DEBUG  ]  File ignored by rockhopper because it exceeded search pattern filesize limit: F3D0_S188_L001_R1_001_trimmed_fastqc.html
[2021-03-22 16:07:29,291] multiqc                                            [DEBUG  ]  File ignored by rseqc/bam_stat because it exceeded search pattern filesize limit: F3D0_S188_L001_R1_001_trimmed_fastqc.html
[2021-03-22 16:07:29,291] multiqc                                            [DEBUG  ]  File ignored by rseqc/junction_annotation because it exceeded search pattern filesize limit: F3D0_S188_L001_R1_001_trimmed_fastqc.html
[2021-03-22 16:07:29,291] multiqc                                            [DEBUG  ]  File ignored by rseqc/read_distribution because it exceeded search pattern filesize limit: F3D0_S188_L001_R1_001_trimmed_fastqc.html
[2021-03-22 16:07:29,291] multiqc                                            [DEBUG  ]  File ignored by rseqc/infer_experiment because it exceeded search pattern filesize limit: F3D0_S188_L001_R1_001_trimmed_fastqc.html
[2021-03-22 16:07:30,502] multiqc                                            [DEBUG  ]  File ignored by hicexplorer because it exceeded search pattern filesize limit: F3D141_S207_L001_R1_001_trimmed_fastqc.html
[2021-03-22 16:07:30,584] multiqc                                            [DEBUG  ]  File ignored by longranger/invocation because it exceeded search pattern filesize limit: F3D141_S207_L001_R1_001_trimmed_fastqc.html
[2021-03-22 16:07:30,584] multiqc                                            [DEBUG  ]  File ignored by rockhopper because it exceeded search pattern filesize limit: F3D141_S207_L001_R1_001_trimmed_fastqc.html
[2021-03-22 16:07:30,584] multiqc                                            [DEBUG  ]  File ignored by rseqc/bam_stat because it exceeded search pattern filesize limit: F3D141_S207_L001_R1_001_trimmed_fastqc.html
[2021-03-22 16:07:30,584] multiqc                                            [DEBUG  ]  File ignored by rseqc/junction_annotation because it exceeded search pattern filesize limit: F3D141_S207_L001_R1_001_trimmed_fastqc.html
[2021-03-22 16:07:30,584] multiqc                                            [DEBUG  ]  File ignored by rseqc/read_distribution because it exceeded search pattern filesize limit: F3D141_S207_L001_R1_001_trimmed_fastqc.html
[2021-03-22 16:07:30,584] multiqc                                            [DEBUG  ]  File ignored by rseqc/infer_experiment because it exceeded search pattern filesize limit: F3D141_S207_L001_R1_001_trimmed_fastqc.html
[2021-03-22 16:07:31,812] multiqc                                            [DEBUG  ]  File ignored by hicexplorer because it exceeded search pattern filesize limit: F3D142_S208_L001_R1_001_trimmed_fastqc.html
[2021-03-22 16:07:31,889] multiqc                                            [DEBUG  ]  File ignored by longranger/invocation because it exceeded search pattern filesize limit: F3D142_S208_L001_R1_001_trimmed_fastqc.html
[2021-03-22 16:07:31,889] multiqc                                            [DEBUG  ]  File ignored by rockhopper because it exceeded search pattern filesize limit: F3D142_S208_L001_R1_001_trimmed_fastqc.html
[2021-03-22 16:07:31,889] multiqc                                            [DEBUG  ]  File ignored by rseqc/bam_stat because it exceeded search pattern filesize limit: F3D142_S208_L001_R1_001_trimmed_fastqc.html
[2021-03-22 16:07:31,889] multiqc                                            [DEBUG  ]  File ignored by rseqc/junction_annotation because it exceeded search pattern filesize limit: F3D142_S208_L001_R1_001_trimmed_fastqc.html
[2021-03-22 16:07:31,889] multiqc                                            [DEBUG  ]  File ignored by rseqc/read_distribution because it exceeded search pattern filesize limit: F3D142_S208_L001_R1_001_trimmed_fastqc.html
[2021-03-22 16:07:31,889] multiqc                                            [DEBUG  ]  File ignored by rseqc/infer_experiment because it exceeded search pattern filesize limit: F3D142_S208_L001_R1_001_trimmed_fastqc.html
[2021-03-22 16:07:33,062] multiqc                                            [DEBUG  ]  File ignored by hicexplorer because it exceeded search pattern filesize limit: F3D143_S209_L001_R1_001_trimmed_fastqc.html
[2021-03-22 16:07:33,144] multiqc                                            [DEBUG  ]  File ignored by longranger/invocation because it exceeded search pattern filesize limit: F3D143_S209_L001_R1_001_trimmed_fastqc.html
[2021-03-22 16:07:33,144] multiqc                                            [DEBUG  ]  File ignored by rockhopper because it exceeded search pattern filesize limit: F3D143_S209_L001_R1_001_trimmed_fastqc.html
[2021-03-22 16:07:33,144] multiqc                                            [DEBUG  ]  File ignored by rseqc/bam_stat because it exceeded search pattern filesize limit: F3D143_S209_L001_R1_001_trimmed_fastqc.html
[2021-03-22 16:07:33,144] multiqc                                            [DEBUG  ]  File ignored by rseqc/junction_annotation because it exceeded search pattern filesize limit: F3D143_S209_L001_R1_001_trimmed_fastqc.html
[2021-03-22 16:07:33,144] multiqc                                            [DEBUG  ]  File ignored by rseqc/read_distribution because it exceeded search pattern filesize limit: F3D143_S209_L001_R1_001_trimmed_fastqc.html
[2021-03-22 16:07:33,144] multiqc                                            [DEBUG  ]  File ignored by rseqc/infer_experiment because it exceeded search pattern filesize limit: F3D143_S209_L001_R1_001_trimmed_fastqc.html
[2021-03-22 16:07:34,506] multiqc                                            [DEBUG  ]  File ignored by hicexplorer because it exceeded search pattern filesize limit: F3D144_S210_L001_R1_001_trimmed_fastqc.html
[2021-03-22 16:07:34,592] multiqc                                            [DEBUG  ]  File ignored by longranger/invocation because it exceeded search pattern filesize limit: F3D144_S210_L001_R1_001_trimmed_fastqc.html
[2021-03-22 16:07:34,592] multiqc                                            [DEBUG  ]  File ignored by rockhopper because it exceeded search pattern filesize limit: F3D144_S210_L001_R1_001_trimmed_fastqc.html
[2021-03-22 16:07:34,592] multiqc                                            [DEBUG  ]  File ignored by rseqc/bam_stat because it exceeded search pattern filesize limit: F3D144_S210_L001_R1_001_trimmed_fastqc.html
[2021-03-22 16:07:34,592] multiqc                                            [DEBUG  ]  File ignored by rseqc/junction_annotation because it exceeded search pattern filesize limit: F3D144_S210_L001_R1_001_trimmed_fastqc.html
[2021-03-22 16:07:34,592] multiqc                                            [DEBUG  ]  File ignored by rseqc/read_distribution because it exceeded search pattern filesize limit: F3D144_S210_L001_R1_001_trimmed_fastqc.html
[2021-03-22 16:07:34,592] multiqc                                            [DEBUG  ]  File ignored by rseqc/infer_experiment because it exceeded search pattern filesize limit: F3D144_S210_L001_R1_001_trimmed_fastqc.html
[2021-03-22 16:07:35,803] multiqc                                            [DEBUG  ]  File ignored by hicexplorer because it exceeded search pattern filesize limit: F3D145_S211_L001_R1_001_trimmed_fastqc.html
[2021-03-22 16:07:35,888] multiqc                                            [DEBUG  ]  File ignored by longranger/invocation because it exceeded search pattern filesize limit: F3D145_S211_L001_R1_001_trimmed_fastqc.html
[2021-03-22 16:07:35,888] multiqc                                            [DEBUG  ]  File ignored by rockhopper because it exceeded search pattern filesize limit: F3D145_S211_L001_R1_001_trimmed_fastqc.html
[2021-03-22 16:07:35,888] multiqc                                            [DEBUG  ]  File ignored by rseqc/bam_stat because it exceeded search pattern filesize limit: F3D145_S211_L001_R1_001_trimmed_fastqc.html
[2021-03-22 16:07:35,888] multiqc                                            [DEBUG  ]  File ignored by rseqc/junction_annotation because it exceeded search pattern filesize limit: F3D145_S211_L001_R1_001_trimmed_fastqc.html
[2021-03-22 16:07:35,888] multiqc                                            [DEBUG  ]  File ignored by rseqc/read_distribution because it exceeded search pattern filesize limit: F3D145_S211_L001_R1_001_trimmed_fastqc.html
[2021-03-22 16:07:35,888] multiqc                                            [DEBUG  ]  File ignored by rseqc/infer_experiment because it exceeded search pattern filesize limit: F3D145_S211_L001_R1_001_trimmed_fastqc.html
[2021-03-22 16:07:37,247] multiqc                                            [DEBUG  ]  File ignored by hicexplorer because it exceeded search pattern filesize limit: F3D146_S212_L001_R1_001_trimmed_fastqc.html
[2021-03-22 16:07:37,340] multiqc                                            [DEBUG  ]  File ignored by longranger/invocation because it exceeded search pattern filesize limit: F3D146_S212_L001_R1_001_trimmed_fastqc.html
[2021-03-22 16:07:37,340] multiqc                                            [DEBUG  ]  File ignored by rockhopper because it exceeded search pattern filesize limit: F3D146_S212_L001_R1_001_trimmed_fastqc.html
[2021-03-22 16:07:37,340] multiqc                                            [DEBUG  ]  File ignored by rseqc/bam_stat because it exceeded search pattern filesize limit: F3D146_S212_L001_R1_001_trimmed_fastqc.html
[2021-03-22 16:07:37,340] multiqc                                            [DEBUG  ]  File ignored by rseqc/junction_annotation because it exceeded search pattern filesize limit: F3D146_S212_L001_R1_001_trimmed_fastqc.html
[2021-03-22 16:07:37,340] multiqc                                            [DEBUG  ]  File ignored by rseqc/read_distribution because it exceeded search pattern filesize limit: F3D146_S212_L001_R1_001_trimmed_fastqc.html
[2021-03-22 16:07:37,340] multiqc                                            [DEBUG  ]  File ignored by rseqc/infer_experiment because it exceeded search pattern filesize limit: F3D146_S212_L001_R1_001_trimmed_fastqc.html
[2021-03-22 16:07:38,669] multiqc                                            [DEBUG  ]  File ignored by hicexplorer because it exceeded search pattern filesize limit: F3D147_S213_L001_R1_001_trimmed_fastqc.html
[2021-03-22 16:07:38,760] multiqc                                            [DEBUG  ]  File ignored by longranger/invocation because it exceeded search pattern filesize limit: F3D147_S213_L001_R1_001_trimmed_fastqc.html
[2021-03-22 16:07:38,760] multiqc                                            [DEBUG  ]  File ignored by rockhopper because it exceeded search pattern filesize limit: F3D147_S213_L001_R1_001_trimmed_fastqc.html
[2021-03-22 16:07:38,760] multiqc                                            [DEBUG  ]  File ignored by rseqc/bam_stat because it exceeded search pattern filesize limit: F3D147_S213_L001_R1_001_trimmed_fastqc.html
[2021-03-22 16:07:38,760] multiqc                                            [DEBUG  ]  File ignored by rseqc/junction_annotation because it exceeded search pattern filesize limit: F3D147_S213_L001_R1_001_trimmed_fastqc.html
[2021-03-22 16:07:38,760] multiqc                                            [DEBUG  ]  File ignored by rseqc/read_distribution because it exceeded search pattern filesize limit: F3D147_S213_L001_R1_001_trimmed_fastqc.html
[2021-03-22 16:07:38,760] multiqc                                            [DEBUG  ]  File ignored by rseqc/infer_experiment because it exceeded search pattern filesize limit: F3D147_S213_L001_R1_001_trimmed_fastqc.html
[2021-03-22 16:07:39,971] multiqc                                            [DEBUG  ]  File ignored by hicexplorer because it exceeded search pattern filesize limit: F3D148_S214_L001_R1_001_trimmed_fastqc.html
[2021-03-22 16:07:40,059] multiqc                                            [DEBUG  ]  File ignored by longranger/invocation because it exceeded search pattern filesize limit: F3D148_S214_L001_R1_001_trimmed_fastqc.html
[2021-03-22 16:07:40,059] multiqc                                            [DEBUG  ]  File ignored by rockhopper because it exceeded search pattern filesize limit: F3D148_S214_L001_R1_001_trimmed_fastqc.html
[2021-03-22 16:07:40,059] multiqc                                            [DEBUG  ]  File ignored by rseqc/bam_stat because it exceeded search pattern filesize limit: F3D148_S214_L001_R1_001_trimmed_fastqc.html
[2021-03-22 16:07:40,059] multiqc                                            [DEBUG  ]  File ignored by rseqc/junction_annotation because it exceeded search pattern filesize limit: F3D148_S214_L001_R1_001_trimmed_fastqc.html
[2021-03-22 16:07:40,059] multiqc                                            [DEBUG  ]  File ignored by rseqc/read_distribution because it exceeded search pattern filesize limit: F3D148_S214_L001_R1_001_trimmed_fastqc.html
[2021-03-22 16:07:40,059] multiqc                                            [DEBUG  ]  File ignored by rseqc/infer_experiment because it exceeded search pattern filesize limit: F3D148_S214_L001_R1_001_trimmed_fastqc.html
[2021-03-22 16:07:41,327] multiqc                                            [DEBUG  ]  File ignored by hicexplorer because it exceeded search pattern filesize limit: F3D149_S215_L001_R1_001_trimmed_fastqc.html
[2021-03-22 16:07:41,398] multiqc                                            [DEBUG  ]  File ignored by longranger/invocation because it exceeded search pattern filesize limit: F3D149_S215_L001_R1_001_trimmed_fastqc.html
[2021-03-22 16:07:41,398] multiqc                                            [DEBUG  ]  File ignored by rockhopper because it exceeded search pattern filesize limit: F3D149_S215_L001_R1_001_trimmed_fastqc.html
[2021-03-22 16:07:41,398] multiqc                                            [DEBUG  ]  File ignored by rseqc/bam_stat because it exceeded search pattern filesize limit: F3D149_S215_L001_R1_001_trimmed_fastqc.html
[2021-03-22 16:07:41,398] multiqc                                            [DEBUG  ]  File ignored by rseqc/junction_annotation because it exceeded search pattern filesize limit: F3D149_S215_L001_R1_001_trimmed_fastqc.html
[2021-03-22 16:07:41,399] multiqc                                            [DEBUG  ]  File ignored by rseqc/read_distribution because it exceeded search pattern filesize limit: F3D149_S215_L001_R1_001_trimmed_fastqc.html
[2021-03-22 16:07:41,399] multiqc                                            [DEBUG  ]  File ignored by rseqc/infer_experiment because it exceeded search pattern filesize limit: F3D149_S215_L001_R1_001_trimmed_fastqc.html
[2021-03-22 16:07:42,599] multiqc                                            [DEBUG  ]  File ignored by hicexplorer because it exceeded search pattern filesize limit: F3D150_S216_L001_R1_001_trimmed_fastqc.html
[2021-03-22 16:07:42,676] multiqc                                            [DEBUG  ]  File ignored by longranger/invocation because it exceeded search pattern filesize limit: F3D150_S216_L001_R1_001_trimmed_fastqc.html
[2021-03-22 16:07:42,676] multiqc                                            [DEBUG  ]  File ignored by rockhopper because it exceeded search pattern filesize limit: F3D150_S216_L001_R1_001_trimmed_fastqc.html
[2021-03-22 16:07:42,676] multiqc                                            [DEBUG  ]  File ignored by rseqc/bam_stat because it exceeded search pattern filesize limit: F3D150_S216_L001_R1_001_trimmed_fastqc.html
[2021-03-22 16:07:42,676] multiqc                                            [DEBUG  ]  File ignored by rseqc/junction_annotation because it exceeded search pattern filesize limit: F3D150_S216_L001_R1_001_trimmed_fastqc.html
[2021-03-22 16:07:42,676] multiqc                                            [DEBUG  ]  File ignored by rseqc/read_distribution because it exceeded search pattern filesize limit: F3D150_S216_L001_R1_001_trimmed_fastqc.html
[2021-03-22 16:07:42,676] multiqc                                            [DEBUG  ]  File ignored by rseqc/infer_experiment because it exceeded search pattern filesize limit: F3D150_S216_L001_R1_001_trimmed_fastqc.html
[2021-03-22 16:07:44,016] multiqc                                            [DEBUG  ]  File ignored by hicexplorer because it exceeded search pattern filesize limit: F3D1_S189_L001_R1_001_trimmed_fastqc.html
[2021-03-22 16:07:44,089] multiqc                                            [DEBUG  ]  File ignored by longranger/invocation because it exceeded search pattern filesize limit: F3D1_S189_L001_R1_001_trimmed_fastqc.html
[2021-03-22 16:07:44,090] multiqc                                            [DEBUG  ]  File ignored by rockhopper because it exceeded search pattern filesize limit: F3D1_S189_L001_R1_001_trimmed_fastqc.html
[2021-03-22 16:07:44,090] multiqc                                            [DEBUG  ]  File ignored by rseqc/bam_stat because it exceeded search pattern filesize limit: F3D1_S189_L001_R1_001_trimmed_fastqc.html
[2021-03-22 16:07:44,090] multiqc                                            [DEBUG  ]  File ignored by rseqc/junction_annotation because it exceeded search pattern filesize limit: F3D1_S189_L001_R1_001_trimmed_fastqc.html
[2021-03-22 16:07:44,090] multiqc                                            [DEBUG  ]  File ignored by rseqc/read_distribution because it exceeded search pattern filesize limit: F3D1_S189_L001_R1_001_trimmed_fastqc.html
[2021-03-22 16:07:44,090] multiqc                                            [DEBUG  ]  File ignored by rseqc/infer_experiment because it exceeded search pattern filesize limit: F3D1_S189_L001_R1_001_trimmed_fastqc.html
[2021-03-22 16:07:45,391] multiqc                                            [DEBUG  ]  File ignored by hicexplorer because it exceeded search pattern filesize limit: F3D2_S190_L001_R1_001_trimmed_fastqc.html
[2021-03-22 16:07:45,470] multiqc                                            [DEBUG  ]  File ignored by longranger/invocation because it exceeded search pattern filesize limit: F3D2_S190_L001_R1_001_trimmed_fastqc.html
[2021-03-22 16:07:45,470] multiqc                                            [DEBUG  ]  File ignored by rockhopper because it exceeded search pattern filesize limit: F3D2_S190_L001_R1_001_trimmed_fastqc.html
[2021-03-22 16:07:45,470] multiqc                                            [DEBUG  ]  File ignored by rseqc/bam_stat because it exceeded search pattern filesize limit: F3D2_S190_L001_R1_001_trimmed_fastqc.html
[2021-03-22 16:07:45,471] multiqc                                            [DEBUG  ]  File ignored by rseqc/junction_annotation because it exceeded search pattern filesize limit: F3D2_S190_L001_R1_001_trimmed_fastqc.html
[2021-03-22 16:07:45,471] multiqc                                            [DEBUG  ]  File ignored by rseqc/read_distribution because it exceeded search pattern filesize limit: F3D2_S190_L001_R1_001_trimmed_fastqc.html
[2021-03-22 16:07:45,471] multiqc                                            [DEBUG  ]  File ignored by rseqc/infer_experiment because it exceeded search pattern filesize limit: F3D2_S190_L001_R1_001_trimmed_fastqc.html
[2021-03-22 16:07:46,674] multiqc                                            [DEBUG  ]  File ignored by hicexplorer because it exceeded search pattern filesize limit: F3D3_S191_L001_R1_001_trimmed_fastqc.html
[2021-03-22 16:07:46,752] multiqc                                            [DEBUG  ]  File ignored by longranger/invocation because it exceeded search pattern filesize limit: F3D3_S191_L001_R1_001_trimmed_fastqc.html
[2021-03-22 16:07:46,752] multiqc                                            [DEBUG  ]  File ignored by rockhopper because it exceeded search pattern filesize limit: F3D3_S191_L001_R1_001_trimmed_fastqc.html
[2021-03-22 16:07:46,752] multiqc                                            [DEBUG  ]  File ignored by rseqc/bam_stat because it exceeded search pattern filesize limit: F3D3_S191_L001_R1_001_trimmed_fastqc.html
[2021-03-22 16:07:46,752] multiqc                                            [DEBUG  ]  File ignored by rseqc/junction_annotation because it exceeded search pattern filesize limit: F3D3_S191_L001_R1_001_trimmed_fastqc.html
[2021-03-22 16:07:46,752] multiqc                                            [DEBUG  ]  File ignored by rseqc/read_distribution because it exceeded search pattern filesize limit: F3D3_S191_L001_R1_001_trimmed_fastqc.html
[2021-03-22 16:07:46,752] multiqc                                            [DEBUG  ]  File ignored by rseqc/infer_experiment because it exceeded search pattern filesize limit: F3D3_S191_L001_R1_001_trimmed_fastqc.html
[2021-03-22 16:07:48,002] multiqc                                            [DEBUG  ]  File ignored by hicexplorer because it exceeded search pattern filesize limit: F3D5_S193_L001_R1_001_trimmed_fastqc.html
[2021-03-22 16:07:48,085] multiqc                                            [DEBUG  ]  File ignored by longranger/invocation because it exceeded search pattern filesize limit: F3D5_S193_L001_R1_001_trimmed_fastqc.html
[2021-03-22 16:07:48,085] multiqc                                            [DEBUG  ]  File ignored by rockhopper because it exceeded search pattern filesize limit: F3D5_S193_L001_R1_001_trimmed_fastqc.html
[2021-03-22 16:07:48,085] multiqc                                            [DEBUG  ]  File ignored by rseqc/bam_stat because it exceeded search pattern filesize limit: F3D5_S193_L001_R1_001_trimmed_fastqc.html
[2021-03-22 16:07:48,085] multiqc                                            [DEBUG  ]  File ignored by rseqc/junction_annotation because it exceeded search pattern filesize limit: F3D5_S193_L001_R1_001_trimmed_fastqc.html
[2021-03-22 16:07:48,085] multiqc                                            [DEBUG  ]  File ignored by rseqc/read_distribution because it exceeded search pattern filesize limit: F3D5_S193_L001_R1_001_trimmed_fastqc.html
[2021-03-22 16:07:48,086] multiqc                                            [DEBUG  ]  File ignored by rseqc/infer_experiment because it exceeded search pattern filesize limit: F3D5_S193_L001_R1_001_trimmed_fastqc.html
[2021-03-22 16:07:49,238] multiqc                                            [DEBUG  ]  File ignored by hicexplorer because it exceeded search pattern filesize limit: F3D6_S194_L001_R1_001_trimmed_fastqc.html
[2021-03-22 16:07:49,312] multiqc                                            [DEBUG  ]  File ignored by longranger/invocation because it exceeded search pattern filesize limit: F3D6_S194_L001_R1_001_trimmed_fastqc.html
[2021-03-22 16:07:49,312] multiqc                                            [DEBUG  ]  File ignored by rockhopper because it exceeded search pattern filesize limit: F3D6_S194_L001_R1_001_trimmed_fastqc.html
[2021-03-22 16:07:49,312] multiqc                                            [DEBUG  ]  File ignored by rseqc/bam_stat because it exceeded search pattern filesize limit: F3D6_S194_L001_R1_001_trimmed_fastqc.html
[2021-03-22 16:07:49,312] multiqc                                            [DEBUG  ]  File ignored by rseqc/junction_annotation because it exceeded search pattern filesize limit: F3D6_S194_L001_R1_001_trimmed_fastqc.html
[2021-03-22 16:07:49,312] multiqc                                            [DEBUG  ]  File ignored by rseqc/read_distribution because it exceeded search pattern filesize limit: F3D6_S194_L001_R1_001_trimmed_fastqc.html
[2021-03-22 16:07:49,312] multiqc                                            [DEBUG  ]  File ignored by rseqc/infer_experiment because it exceeded search pattern filesize limit: F3D6_S194_L001_R1_001_trimmed_fastqc.html
[2021-03-22 16:07:50,516] multiqc                                            [DEBUG  ]  File ignored by hicexplorer because it exceeded search pattern filesize limit: F3D7_S195_L001_R1_001_trimmed_fastqc.html
[2021-03-22 16:07:50,589] multiqc                                            [DEBUG  ]  File ignored by longranger/invocation because it exceeded search pattern filesize limit: F3D7_S195_L001_R1_001_trimmed_fastqc.html
[2021-03-22 16:07:50,589] multiqc                                            [DEBUG  ]  File ignored by rockhopper because it exceeded search pattern filesize limit: F3D7_S195_L001_R1_001_trimmed_fastqc.html
[2021-03-22 16:07:50,589] multiqc                                            [DEBUG  ]  File ignored by rseqc/bam_stat because it exceeded search pattern filesize limit: F3D7_S195_L001_R1_001_trimmed_fastqc.html
[2021-03-22 16:07:50,589] multiqc                                            [DEBUG  ]  File ignored by rseqc/junction_annotation because it exceeded search pattern filesize limit: F3D7_S195_L001_R1_001_trimmed_fastqc.html
[2021-03-22 16:07:50,589] multiqc                                            [DEBUG  ]  File ignored by rseqc/read_distribution because it exceeded search pattern filesize limit: F3D7_S195_L001_R1_001_trimmed_fastqc.html
[2021-03-22 16:07:50,589] multiqc                                            [DEBUG  ]  File ignored by rseqc/infer_experiment because it exceeded search pattern filesize limit: F3D7_S195_L001_R1_001_trimmed_fastqc.html
[2021-03-22 16:07:51,787] multiqc                                            [DEBUG  ]  File ignored by hicexplorer because it exceeded search pattern filesize limit: F3D8_S196_L001_R1_001_trimmed_fastqc.html
[2021-03-22 16:07:51,873] multiqc                                            [DEBUG  ]  File ignored by longranger/invocation because it exceeded search pattern filesize limit: F3D8_S196_L001_R1_001_trimmed_fastqc.html
[2021-03-22 16:07:51,873] multiqc                                            [DEBUG  ]  File ignored by rockhopper because it exceeded search pattern filesize limit: F3D8_S196_L001_R1_001_trimmed_fastqc.html
[2021-03-22 16:07:51,873] multiqc                                            [DEBUG  ]  File ignored by rseqc/bam_stat because it exceeded search pattern filesize limit: F3D8_S196_L001_R1_001_trimmed_fastqc.html
[2021-03-22 16:07:51,873] multiqc                                            [DEBUG  ]  File ignored by rseqc/junction_annotation because it exceeded search pattern filesize limit: F3D8_S196_L001_R1_001_trimmed_fastqc.html
[2021-03-22 16:07:51,873] multiqc                                            [DEBUG  ]  File ignored by rseqc/read_distribution because it exceeded search pattern filesize limit: F3D8_S196_L001_R1_001_trimmed_fastqc.html
[2021-03-22 16:07:51,873] multiqc                                            [DEBUG  ]  File ignored by rseqc/infer_experiment because it exceeded search pattern filesize limit: F3D8_S196_L001_R1_001_trimmed_fastqc.html
[2021-03-22 16:07:53,081] multiqc                                            [DEBUG  ]  File ignored by hicexplorer because it exceeded search pattern filesize limit: F3D9_S197_L001_R1_001_trimmed_fastqc.html
[2021-03-22 16:07:53,162] multiqc                                            [DEBUG  ]  File ignored by longranger/invocation because it exceeded search pattern filesize limit: F3D9_S197_L001_R1_001_trimmed_fastqc.html
[2021-03-22 16:07:53,162] multiqc                                            [DEBUG  ]  File ignored by rockhopper because it exceeded search pattern filesize limit: F3D9_S197_L001_R1_001_trimmed_fastqc.html
[2021-03-22 16:07:53,162] multiqc                                            [DEBUG  ]  File ignored by rseqc/bam_stat because it exceeded search pattern filesize limit: F3D9_S197_L001_R1_001_trimmed_fastqc.html
[2021-03-22 16:07:53,162] multiqc                                            [DEBUG  ]  File ignored by rseqc/junction_annotation because it exceeded search pattern filesize limit: F3D9_S197_L001_R1_001_trimmed_fastqc.html
[2021-03-22 16:07:53,162] multiqc                                            [DEBUG  ]  File ignored by rseqc/read_distribution because it exceeded search pattern filesize limit: F3D9_S197_L001_R1_001_trimmed_fastqc.html
[2021-03-22 16:07:53,162] multiqc                                            [DEBUG  ]  File ignored by rseqc/infer_experiment because it exceeded search pattern filesize limit: F3D9_S197_L001_R1_001_trimmed_fastqc.html
[2021-03-22 16:07:54,352] multiqc                                            [DEBUG  ]  File ignored by hicexplorer because it exceeded search pattern filesize limit: F3D0_S188_L001_R1_001_fastqc.html
[2021-03-22 16:07:54,437] multiqc                                            [DEBUG  ]  File ignored by longranger/invocation because it exceeded search pattern filesize limit: F3D0_S188_L001_R1_001_fastqc.html
[2021-03-22 16:07:54,437] multiqc                                            [DEBUG  ]  File ignored by rockhopper because it exceeded search pattern filesize limit: F3D0_S188_L001_R1_001_fastqc.html
[2021-03-22 16:07:54,438] multiqc                                            [DEBUG  ]  File ignored by rseqc/bam_stat because it exceeded search pattern filesize limit: F3D0_S188_L001_R1_001_fastqc.html
[2021-03-22 16:07:54,438] multiqc                                            [DEBUG  ]  File ignored by rseqc/junction_annotation because it exceeded search pattern filesize limit: F3D0_S188_L001_R1_001_fastqc.html
[2021-03-22 16:07:54,438] multiqc                                            [DEBUG  ]  File ignored by rseqc/read_distribution because it exceeded search pattern filesize limit: F3D0_S188_L001_R1_001_fastqc.html
[2021-03-22 16:07:54,438] multiqc                                            [DEBUG  ]  File ignored by rseqc/infer_experiment because it exceeded search pattern filesize limit: F3D0_S188_L001_R1_001_fastqc.html
[2021-03-22 16:07:55,590] multiqc                                            [DEBUG  ]  File ignored by hicexplorer because it exceeded search pattern filesize limit: F3D141_S207_L001_R1_001_fastqc.html
[2021-03-22 16:07:55,667] multiqc                                            [DEBUG  ]  File ignored by longranger/invocation because it exceeded search pattern filesize limit: F3D141_S207_L001_R1_001_fastqc.html
[2021-03-22 16:07:55,667] multiqc                                            [DEBUG  ]  File ignored by rockhopper because it exceeded search pattern filesize limit: F3D141_S207_L001_R1_001_fastqc.html
[2021-03-22 16:07:55,667] multiqc                                            [DEBUG  ]  File ignored by rseqc/bam_stat because it exceeded search pattern filesize limit: F3D141_S207_L001_R1_001_fastqc.html
[2021-03-22 16:07:55,667] multiqc                                            [DEBUG  ]  File ignored by rseqc/junction_annotation because it exceeded search pattern filesize limit: F3D141_S207_L001_R1_001_fastqc.html
[2021-03-22 16:07:55,667] multiqc                                            [DEBUG  ]  File ignored by rseqc/read_distribution because it exceeded search pattern filesize limit: F3D141_S207_L001_R1_001_fastqc.html
[2021-03-22 16:07:55,667] multiqc                                            [DEBUG  ]  File ignored by rseqc/infer_experiment because it exceeded search pattern filesize limit: F3D141_S207_L001_R1_001_fastqc.html
[2021-03-22 16:07:56,876] multiqc                                            [DEBUG  ]  File ignored by hicexplorer because it exceeded search pattern filesize limit: F3D142_S208_L001_R1_001_fastqc.html
[2021-03-22 16:07:56,952] multiqc                                            [DEBUG  ]  File ignored by longranger/invocation because it exceeded search pattern filesize limit: F3D142_S208_L001_R1_001_fastqc.html
[2021-03-22 16:07:56,952] multiqc                                            [DEBUG  ]  File ignored by rockhopper because it exceeded search pattern filesize limit: F3D142_S208_L001_R1_001_fastqc.html
[2021-03-22 16:07:56,952] multiqc                                            [DEBUG  ]  File ignored by rseqc/bam_stat because it exceeded search pattern filesize limit: F3D142_S208_L001_R1_001_fastqc.html
[2021-03-22 16:07:56,952] multiqc                                            [DEBUG  ]  File ignored by rseqc/junction_annotation because it exceeded search pattern filesize limit: F3D142_S208_L001_R1_001_fastqc.html
[2021-03-22 16:07:56,952] multiqc                                            [DEBUG  ]  File ignored by rseqc/read_distribution because it exceeded search pattern filesize limit: F3D142_S208_L001_R1_001_fastqc.html
[2021-03-22 16:07:56,952] multiqc                                            [DEBUG  ]  File ignored by rseqc/infer_experiment because it exceeded search pattern filesize limit: F3D142_S208_L001_R1_001_fastqc.html
[2021-03-22 16:07:58,122] multiqc                                            [DEBUG  ]  File ignored by hicexplorer because it exceeded search pattern filesize limit: F3D143_S209_L001_R1_001_fastqc.html
[2021-03-22 16:07:58,202] multiqc                                            [DEBUG  ]  File ignored by longranger/invocation because it exceeded search pattern filesize limit: F3D143_S209_L001_R1_001_fastqc.html
[2021-03-22 16:07:58,203] multiqc                                            [DEBUG  ]  File ignored by rockhopper because it exceeded search pattern filesize limit: F3D143_S209_L001_R1_001_fastqc.html
[2021-03-22 16:07:58,203] multiqc                                            [DEBUG  ]  File ignored by rseqc/bam_stat because it exceeded search pattern filesize limit: F3D143_S209_L001_R1_001_fastqc.html
[2021-03-22 16:07:58,203] multiqc                                            [DEBUG  ]  File ignored by rseqc/junction_annotation because it exceeded search pattern filesize limit: F3D143_S209_L001_R1_001_fastqc.html
[2021-03-22 16:07:58,203] multiqc                                            [DEBUG  ]  File ignored by rseqc/read_distribution because it exceeded search pattern filesize limit: F3D143_S209_L001_R1_001_fastqc.html
[2021-03-22 16:07:58,203] multiqc                                            [DEBUG  ]  File ignored by rseqc/infer_experiment because it exceeded search pattern filesize limit: F3D143_S209_L001_R1_001_fastqc.html
[2021-03-22 16:07:59,502] multiqc                                            [DEBUG  ]  File ignored by hicexplorer because it exceeded search pattern filesize limit: F3D144_S210_L001_R1_001_fastqc.html
[2021-03-22 16:07:59,574] multiqc                                            [DEBUG  ]  File ignored by longranger/invocation because it exceeded search pattern filesize limit: F3D144_S210_L001_R1_001_fastqc.html
[2021-03-22 16:07:59,574] multiqc                                            [DEBUG  ]  File ignored by rockhopper because it exceeded search pattern filesize limit: F3D144_S210_L001_R1_001_fastqc.html
[2021-03-22 16:07:59,574] multiqc                                            [DEBUG  ]  File ignored by rseqc/bam_stat because it exceeded search pattern filesize limit: F3D144_S210_L001_R1_001_fastqc.html
[2021-03-22 16:07:59,574] multiqc                                            [DEBUG  ]  File ignored by rseqc/junction_annotation because it exceeded search pattern filesize limit: F3D144_S210_L001_R1_001_fastqc.html
[2021-03-22 16:07:59,574] multiqc                                            [DEBUG  ]  File ignored by rseqc/read_distribution because it exceeded search pattern filesize limit: F3D144_S210_L001_R1_001_fastqc.html
[2021-03-22 16:07:59,574] multiqc                                            [DEBUG  ]  File ignored by rseqc/infer_experiment because it exceeded search pattern filesize limit: F3D144_S210_L001_R1_001_fastqc.html
[2021-03-22 16:08:00,720] multiqc                                            [DEBUG  ]  File ignored by hicexplorer because it exceeded search pattern filesize limit: F3D145_S211_L001_R1_001_fastqc.html
[2021-03-22 16:08:00,795] multiqc                                            [DEBUG  ]  File ignored by longranger/invocation because it exceeded search pattern filesize limit: F3D145_S211_L001_R1_001_fastqc.html
[2021-03-22 16:08:00,795] multiqc                                            [DEBUG  ]  File ignored by rockhopper because it exceeded search pattern filesize limit: F3D145_S211_L001_R1_001_fastqc.html
[2021-03-22 16:08:00,795] multiqc                                            [DEBUG  ]  File ignored by rseqc/bam_stat because it exceeded search pattern filesize limit: F3D145_S211_L001_R1_001_fastqc.html
[2021-03-22 16:08:00,795] multiqc                                            [DEBUG  ]  File ignored by rseqc/junction_annotation because it exceeded search pattern filesize limit: F3D145_S211_L001_R1_001_fastqc.html
[2021-03-22 16:08:00,795] multiqc                                            [DEBUG  ]  File ignored by rseqc/read_distribution because it exceeded search pattern filesize limit: F3D145_S211_L001_R1_001_fastqc.html
[2021-03-22 16:08:00,795] multiqc                                            [DEBUG  ]  File ignored by rseqc/infer_experiment because it exceeded search pattern filesize limit: F3D145_S211_L001_R1_001_fastqc.html
[2021-03-22 16:08:01,897] multiqc                                            [DEBUG  ]  File ignored by hicexplorer because it exceeded search pattern filesize limit: F3D146_S212_L001_R1_001_fastqc.html
[2021-03-22 16:08:01,969] multiqc                                            [DEBUG  ]  File ignored by longranger/invocation because it exceeded search pattern filesize limit: F3D146_S212_L001_R1_001_fastqc.html
[2021-03-22 16:08:01,970] multiqc                                            [DEBUG  ]  File ignored by rockhopper because it exceeded search pattern filesize limit: F3D146_S212_L001_R1_001_fastqc.html
[2021-03-22 16:08:01,970] multiqc                                            [DEBUG  ]  File ignored by rseqc/bam_stat because it exceeded search pattern filesize limit: F3D146_S212_L001_R1_001_fastqc.html
[2021-03-22 16:08:01,970] multiqc                                            [DEBUG  ]  File ignored by rseqc/junction_annotation because it exceeded search pattern filesize limit: F3D146_S212_L001_R1_001_fastqc.html
[2021-03-22 16:08:01,970] multiqc                                            [DEBUG  ]  File ignored by rseqc/read_distribution because it exceeded search pattern filesize limit: F3D146_S212_L001_R1_001_fastqc.html
[2021-03-22 16:08:01,970] multiqc                                            [DEBUG  ]  File ignored by rseqc/infer_experiment because it exceeded search pattern filesize limit: F3D146_S212_L001_R1_001_fastqc.html
[2021-03-22 16:08:03,071] multiqc                                            [DEBUG  ]  File ignored by hicexplorer because it exceeded search pattern filesize limit: F3D147_S213_L001_R1_001_fastqc.html
[2021-03-22 16:08:03,146] multiqc                                            [DEBUG  ]  File ignored by longranger/invocation because it exceeded search pattern filesize limit: F3D147_S213_L001_R1_001_fastqc.html
[2021-03-22 16:08:03,146] multiqc                                            [DEBUG  ]  File ignored by rockhopper because it exceeded search pattern filesize limit: F3D147_S213_L001_R1_001_fastqc.html
[2021-03-22 16:08:03,146] multiqc                                            [DEBUG  ]  File ignored by rseqc/bam_stat because it exceeded search pattern filesize limit: F3D147_S213_L001_R1_001_fastqc.html
[2021-03-22 16:08:03,146] multiqc                                            [DEBUG  ]  File ignored by rseqc/junction_annotation because it exceeded search pattern filesize limit: F3D147_S213_L001_R1_001_fastqc.html
[2021-03-22 16:08:03,146] multiqc                                            [DEBUG  ]  File ignored by rseqc/read_distribution because it exceeded search pattern filesize limit: F3D147_S213_L001_R1_001_fastqc.html
[2021-03-22 16:08:03,146] multiqc                                            [DEBUG  ]  File ignored by rseqc/infer_experiment because it exceeded search pattern filesize limit: F3D147_S213_L001_R1_001_fastqc.html
[2021-03-22 16:08:04,267] multiqc                                            [DEBUG  ]  File ignored by hicexplorer because it exceeded search pattern filesize limit: F3D148_S214_L001_R1_001_fastqc.html
[2021-03-22 16:08:04,340] multiqc                                            [DEBUG  ]  File ignored by longranger/invocation because it exceeded search pattern filesize limit: F3D148_S214_L001_R1_001_fastqc.html
[2021-03-22 16:08:04,341] multiqc                                            [DEBUG  ]  File ignored by rockhopper because it exceeded search pattern filesize limit: F3D148_S214_L001_R1_001_fastqc.html
[2021-03-22 16:08:04,341] multiqc                                            [DEBUG  ]  File ignored by rseqc/bam_stat because it exceeded search pattern filesize limit: F3D148_S214_L001_R1_001_fastqc.html
[2021-03-22 16:08:04,341] multiqc                                            [DEBUG  ]  File ignored by rseqc/junction_annotation because it exceeded search pattern filesize limit: F3D148_S214_L001_R1_001_fastqc.html
[2021-03-22 16:08:04,341] multiqc                                            [DEBUG  ]  File ignored by rseqc/read_distribution because it exceeded search pattern filesize limit: F3D148_S214_L001_R1_001_fastqc.html
[2021-03-22 16:08:04,341] multiqc                                            [DEBUG  ]  File ignored by rseqc/infer_experiment because it exceeded search pattern filesize limit: F3D148_S214_L001_R1_001_fastqc.html
[2021-03-22 16:08:05,451] multiqc                                            [DEBUG  ]  File ignored by hicexplorer because it exceeded search pattern filesize limit: F3D149_S215_L001_R1_001_fastqc.html
[2021-03-22 16:08:05,522] multiqc                                            [DEBUG  ]  File ignored by longranger/invocation because it exceeded search pattern filesize limit: F3D149_S215_L001_R1_001_fastqc.html
[2021-03-22 16:08:05,522] multiqc                                            [DEBUG  ]  File ignored by rockhopper because it exceeded search pattern filesize limit: F3D149_S215_L001_R1_001_fastqc.html
[2021-03-22 16:08:05,522] multiqc                                            [DEBUG  ]  File ignored by rseqc/bam_stat because it exceeded search pattern filesize limit: F3D149_S215_L001_R1_001_fastqc.html
[2021-03-22 16:08:05,523] multiqc                                            [DEBUG  ]  File ignored by rseqc/junction_annotation because it exceeded search pattern filesize limit: F3D149_S215_L001_R1_001_fastqc.html
[2021-03-22 16:08:05,523] multiqc                                            [DEBUG  ]  File ignored by rseqc/read_distribution because it exceeded search pattern filesize limit: F3D149_S215_L001_R1_001_fastqc.html
[2021-03-22 16:08:05,523] multiqc                                            [DEBUG  ]  File ignored by rseqc/infer_experiment because it exceeded search pattern filesize limit: F3D149_S215_L001_R1_001_fastqc.html
[2021-03-22 16:08:06,624] multiqc                                            [DEBUG  ]  File ignored by hicexplorer because it exceeded search pattern filesize limit: F3D150_S216_L001_R1_001_fastqc.html
[2021-03-22 16:08:06,698] multiqc                                            [DEBUG  ]  File ignored by longranger/invocation because it exceeded search pattern filesize limit: F3D150_S216_L001_R1_001_fastqc.html
[2021-03-22 16:08:06,698] multiqc                                            [DEBUG  ]  File ignored by rockhopper because it exceeded search pattern filesize limit: F3D150_S216_L001_R1_001_fastqc.html
[2021-03-22 16:08:06,698] multiqc                                            [DEBUG  ]  File ignored by rseqc/bam_stat because it exceeded search pattern filesize limit: F3D150_S216_L001_R1_001_fastqc.html
[2021-03-22 16:08:06,698] multiqc                                            [DEBUG  ]  File ignored by rseqc/junction_annotation because it exceeded search pattern filesize limit: F3D150_S216_L001_R1_001_fastqc.html
[2021-03-22 16:08:06,698] multiqc                                            [DEBUG  ]  File ignored by rseqc/read_distribution because it exceeded search pattern filesize limit: F3D150_S216_L001_R1_001_fastqc.html
[2021-03-22 16:08:06,698] multiqc                                            [DEBUG  ]  File ignored by rseqc/infer_experiment because it exceeded search pattern filesize limit: F3D150_S216_L001_R1_001_fastqc.html
[2021-03-22 16:08:07,789] multiqc                                            [DEBUG  ]  File ignored by hicexplorer because it exceeded search pattern filesize limit: F3D1_S189_L001_R1_001_fastqc.html
[2021-03-22 16:08:07,860] multiqc                                            [DEBUG  ]  File ignored by longranger/invocation because it exceeded search pattern filesize limit: F3D1_S189_L001_R1_001_fastqc.html
[2021-03-22 16:08:07,860] multiqc                                            [DEBUG  ]  File ignored by rockhopper because it exceeded search pattern filesize limit: F3D1_S189_L001_R1_001_fastqc.html
[2021-03-22 16:08:07,860] multiqc                                            [DEBUG  ]  File ignored by rseqc/bam_stat because it exceeded search pattern filesize limit: F3D1_S189_L001_R1_001_fastqc.html
[2021-03-22 16:08:07,860] multiqc                                            [DEBUG  ]  File ignored by rseqc/junction_annotation because it exceeded search pattern filesize limit: F3D1_S189_L001_R1_001_fastqc.html
[2021-03-22 16:08:07,860] multiqc                                            [DEBUG  ]  File ignored by rseqc/read_distribution because it exceeded search pattern filesize limit: F3D1_S189_L001_R1_001_fastqc.html
[2021-03-22 16:08:07,860] multiqc                                            [DEBUG  ]  File ignored by rseqc/infer_experiment because it exceeded search pattern filesize limit: F3D1_S189_L001_R1_001_fastqc.html
[2021-03-22 16:08:08,955] multiqc                                            [DEBUG  ]  File ignored by hicexplorer because it exceeded search pattern filesize limit: F3D2_S190_L001_R1_001_fastqc.html
[2021-03-22 16:08:09,028] multiqc                                            [DEBUG  ]  File ignored by longranger/invocation because it exceeded search pattern filesize limit: F3D2_S190_L001_R1_001_fastqc.html
[2021-03-22 16:08:09,029] multiqc                                            [DEBUG  ]  File ignored by rockhopper because it exceeded search pattern filesize limit: F3D2_S190_L001_R1_001_fastqc.html
[2021-03-22 16:08:09,029] multiqc                                            [DEBUG  ]  File ignored by rseqc/bam_stat because it exceeded search pattern filesize limit: F3D2_S190_L001_R1_001_fastqc.html
[2021-03-22 16:08:09,029] multiqc                                            [DEBUG  ]  File ignored by rseqc/junction_annotation because it exceeded search pattern filesize limit: F3D2_S190_L001_R1_001_fastqc.html
[2021-03-22 16:08:09,029] multiqc                                            [DEBUG  ]  File ignored by rseqc/read_distribution because it exceeded search pattern filesize limit: F3D2_S190_L001_R1_001_fastqc.html
[2021-03-22 16:08:09,029] multiqc                                            [DEBUG  ]  File ignored by rseqc/infer_experiment because it exceeded search pattern filesize limit: F3D2_S190_L001_R1_001_fastqc.html
[2021-03-22 16:08:10,114] multiqc                                            [DEBUG  ]  File ignored by hicexplorer because it exceeded search pattern filesize limit: F3D3_S191_L001_R1_001_fastqc.html
[2021-03-22 16:08:10,185] multiqc                                            [DEBUG  ]  File ignored by longranger/invocation because it exceeded search pattern filesize limit: F3D3_S191_L001_R1_001_fastqc.html
[2021-03-22 16:08:10,186] multiqc                                            [DEBUG  ]  File ignored by rockhopper because it exceeded search pattern filesize limit: F3D3_S191_L001_R1_001_fastqc.html
[2021-03-22 16:08:10,186] multiqc                                            [DEBUG  ]  File ignored by rseqc/bam_stat because it exceeded search pattern filesize limit: F3D3_S191_L001_R1_001_fastqc.html
[2021-03-22 16:08:10,186] multiqc                                            [DEBUG  ]  File ignored by rseqc/junction_annotation because it exceeded search pattern filesize limit: F3D3_S191_L001_R1_001_fastqc.html
[2021-03-22 16:08:10,186] multiqc                                            [DEBUG  ]  File ignored by rseqc/read_distribution because it exceeded search pattern filesize limit: F3D3_S191_L001_R1_001_fastqc.html
[2021-03-22 16:08:10,186] multiqc                                            [DEBUG  ]  File ignored by rseqc/infer_experiment because it exceeded search pattern filesize limit: F3D3_S191_L001_R1_001_fastqc.html
[2021-03-22 16:08:11,281] multiqc                                            [DEBUG  ]  File ignored by hicexplorer because it exceeded search pattern filesize limit: F3D5_S193_L001_R1_001_fastqc.html
[2021-03-22 16:08:11,353] multiqc                                            [DEBUG  ]  File ignored by longranger/invocation because it exceeded search pattern filesize limit: F3D5_S193_L001_R1_001_fastqc.html
[2021-03-22 16:08:11,353] multiqc                                            [DEBUG  ]  File ignored by rockhopper because it exceeded search pattern filesize limit: F3D5_S193_L001_R1_001_fastqc.html
[2021-03-22 16:08:11,353] multiqc                                            [DEBUG  ]  File ignored by rseqc/bam_stat because it exceeded search pattern filesize limit: F3D5_S193_L001_R1_001_fastqc.html
[2021-03-22 16:08:11,353] multiqc                                            [DEBUG  ]  File ignored by rseqc/junction_annotation because it exceeded search pattern filesize limit: F3D5_S193_L001_R1_001_fastqc.html
[2021-03-22 16:08:11,353] multiqc                                            [DEBUG  ]  File ignored by rseqc/read_distribution because it exceeded search pattern filesize limit: F3D5_S193_L001_R1_001_fastqc.html
[2021-03-22 16:08:11,353] multiqc                                            [DEBUG  ]  File ignored by rseqc/infer_experiment because it exceeded search pattern filesize limit: F3D5_S193_L001_R1_001_fastqc.html
[2021-03-22 16:08:12,467] multiqc                                            [DEBUG  ]  File ignored by hicexplorer because it exceeded search pattern filesize limit: F3D6_S194_L001_R1_001_fastqc.html
[2021-03-22 16:08:12,542] multiqc                                            [DEBUG  ]  File ignored by longranger/invocation because it exceeded search pattern filesize limit: F3D6_S194_L001_R1_001_fastqc.html
[2021-03-22 16:08:12,542] multiqc                                            [DEBUG  ]  File ignored by rockhopper because it exceeded search pattern filesize limit: F3D6_S194_L001_R1_001_fastqc.html
[2021-03-22 16:08:12,542] multiqc                                            [DEBUG  ]  File ignored by rseqc/bam_stat because it exceeded search pattern filesize limit: F3D6_S194_L001_R1_001_fastqc.html
[2021-03-22 16:08:12,543] multiqc                                            [DEBUG  ]  File ignored by rseqc/junction_annotation because it exceeded search pattern filesize limit: F3D6_S194_L001_R1_001_fastqc.html
[2021-03-22 16:08:12,543] multiqc                                            [DEBUG  ]  File ignored by rseqc/read_distribution because it exceeded search pattern filesize limit: F3D6_S194_L001_R1_001_fastqc.html
[2021-03-22 16:08:12,543] multiqc                                            [DEBUG  ]  File ignored by rseqc/infer_experiment because it exceeded search pattern filesize limit: F3D6_S194_L001_R1_001_fastqc.html
[2021-03-22 16:08:13,680] multiqc                                            [DEBUG  ]  File ignored by hicexplorer because it exceeded search pattern filesize limit: F3D7_S195_L001_R1_001_fastqc.html
[2021-03-22 16:08:13,760] multiqc                                            [DEBUG  ]  File ignored by longranger/invocation because it exceeded search pattern filesize limit: F3D7_S195_L001_R1_001_fastqc.html
[2021-03-22 16:08:13,760] multiqc                                            [DEBUG  ]  File ignored by rockhopper because it exceeded search pattern filesize limit: F3D7_S195_L001_R1_001_fastqc.html
[2021-03-22 16:08:13,760] multiqc                                            [DEBUG  ]  File ignored by rseqc/bam_stat because it exceeded search pattern filesize limit: F3D7_S195_L001_R1_001_fastqc.html
[2021-03-22 16:08:13,760] multiqc                                            [DEBUG  ]  File ignored by rseqc/junction_annotation because it exceeded search pattern filesize limit: F3D7_S195_L001_R1_001_fastqc.html
[2021-03-22 16:08:13,760] multiqc                                            [DEBUG  ]  File ignored by rseqc/read_distribution because it exceeded search pattern filesize limit: F3D7_S195_L001_R1_001_fastqc.html
[2021-03-22 16:08:13,760] multiqc                                            [DEBUG  ]  File ignored by rseqc/infer_experiment because it exceeded search pattern filesize limit: F3D7_S195_L001_R1_001_fastqc.html
[2021-03-22 16:08:14,892] multiqc                                            [DEBUG  ]  File ignored by hicexplorer because it exceeded search pattern filesize limit: F3D8_S196_L001_R1_001_fastqc.html
[2021-03-22 16:08:14,969] multiqc                                            [DEBUG  ]  File ignored by longranger/invocation because it exceeded search pattern filesize limit: F3D8_S196_L001_R1_001_fastqc.html
[2021-03-22 16:08:14,969] multiqc                                            [DEBUG  ]  File ignored by rockhopper because it exceeded search pattern filesize limit: F3D8_S196_L001_R1_001_fastqc.html
[2021-03-22 16:08:14,969] multiqc                                            [DEBUG  ]  File ignored by rseqc/bam_stat because it exceeded search pattern filesize limit: F3D8_S196_L001_R1_001_fastqc.html
[2021-03-22 16:08:14,969] multiqc                                            [DEBUG  ]  File ignored by rseqc/junction_annotation because it exceeded search pattern filesize limit: F3D8_S196_L001_R1_001_fastqc.html
[2021-03-22 16:08:14,969] multiqc                                            [DEBUG  ]  File ignored by rseqc/read_distribution because it exceeded search pattern filesize limit: F3D8_S196_L001_R1_001_fastqc.html
[2021-03-22 16:08:14,970] multiqc                                            [DEBUG  ]  File ignored by rseqc/infer_experiment because it exceeded search pattern filesize limit: F3D8_S196_L001_R1_001_fastqc.html
[2021-03-22 16:08:16,117] multiqc                                            [DEBUG  ]  File ignored by hicexplorer because it exceeded search pattern filesize limit: F3D9_S197_L001_R1_001_fastqc.html
[2021-03-22 16:08:16,198] multiqc                                            [DEBUG  ]  File ignored by longranger/invocation because it exceeded search pattern filesize limit: F3D9_S197_L001_R1_001_fastqc.html
[2021-03-22 16:08:16,198] multiqc                                            [DEBUG  ]  File ignored by rockhopper because it exceeded search pattern filesize limit: F3D9_S197_L001_R1_001_fastqc.html
[2021-03-22 16:08:16,198] multiqc                                            [DEBUG  ]  File ignored by rseqc/bam_stat because it exceeded search pattern filesize limit: F3D9_S197_L001_R1_001_fastqc.html
[2021-03-22 16:08:16,198] multiqc                                            [DEBUG  ]  File ignored by rseqc/junction_annotation because it exceeded search pattern filesize limit: F3D9_S197_L001_R1_001_fastqc.html
[2021-03-22 16:08:16,198] multiqc                                            [DEBUG  ]  File ignored by rseqc/read_distribution because it exceeded search pattern filesize limit: F3D9_S197_L001_R1_001_fastqc.html
[2021-03-22 16:08:16,198] multiqc                                            [DEBUG  ]  File ignored by rseqc/infer_experiment because it exceeded search pattern filesize limit: F3D9_S197_L001_R1_001_fastqc.html
[2021-03-22 16:08:17,448] multiqc.plots.bargraph                             [DEBUG  ]  Using matplotlib version 3.3.4
[2021-03-22 16:08:17,448] multiqc.plots.linegraph                            [DEBUG  ]  Using matplotlib version 3.3.4
[2021-03-22 16:08:17,449] multiqc                                            [DEBUG  ]  No samples found: custom_content
[2021-03-22 16:08:17,453] multiqc                                            [DEBUG  ]  No samples found: ngsderive
[2021-03-22 16:08:17,456] multiqc                                            [DEBUG  ]  No samples found: purple
[2021-03-22 16:08:17,461] multiqc                                            [DEBUG  ]  No samples found: conpair
[2021-03-22 16:08:17,464] multiqc                                            [DEBUG  ]  No samples found: peddy
[2021-03-22 16:08:17,468] multiqc                                            [DEBUG  ]  No samples found: somalier
[2021-03-22 16:08:17,472] multiqc                                            [DEBUG  ]  No samples found: methylQA
[2021-03-22 16:08:17,476] multiqc                                            [DEBUG  ]  No samples found: mosdepth
[2021-03-22 16:08:17,480] multiqc                                            [DEBUG  ]  No samples found: phantompeakqualtools
[2021-03-22 16:08:17,484] multiqc                                            [DEBUG  ]  No samples found: qualimap
[2021-03-22 16:08:17,487] multiqc                                            [DEBUG  ]  No samples found: preseq
[2021-03-22 16:08:17,491] multiqc                                            [DEBUG  ]  No samples found: quast
[2021-03-22 16:08:17,495] multiqc                                            [DEBUG  ]  No samples found: qorts
[2021-03-22 16:08:17,499] multiqc                                            [DEBUG  ]  No samples found: rna_seqc
[2021-03-22 16:08:17,503] multiqc                                            [DEBUG  ]  No samples found: rockhopper
[2021-03-22 16:08:17,506] multiqc                                            [DEBUG  ]  No samples found: rsem
[2021-03-22 16:08:17,511] multiqc                                            [DEBUG  ]  No samples found: rseqc
[2021-03-22 16:08:17,515] multiqc                                            [DEBUG  ]  No samples found: busco
[2021-03-22 16:08:17,519] multiqc                                            [DEBUG  ]  No samples found: goleft_indexcov
[2021-03-22 16:08:17,522] multiqc                                            [DEBUG  ]  No samples found: disambiguate
[2021-03-22 16:08:17,526] multiqc                                            [DEBUG  ]  No samples found: supernova
[2021-03-22 16:08:17,531] multiqc                                            [DEBUG  ]  No samples found: deeptools
[2021-03-22 16:08:17,535] multiqc                                            [DEBUG  ]  No samples found: sargasso
[2021-03-22 16:08:17,539] multiqc                                            [DEBUG  ]  No samples found: verifybamid
[2021-03-22 16:08:17,543] multiqc                                            [DEBUG  ]  No samples found: mirtrace
[2021-03-22 16:08:17,547] multiqc                                            [DEBUG  ]  No samples found: happy
[2021-03-22 16:08:17,551] multiqc                                            [DEBUG  ]  No samples found: mirtop
[2021-03-22 16:08:17,555] multiqc                                            [DEBUG  ]  No samples found: homer
[2021-03-22 16:08:17,559] multiqc                                            [DEBUG  ]  No samples found: hops
[2021-03-22 16:08:17,563] multiqc                                            [DEBUG  ]  No samples found: macs2
[2021-03-22 16:08:17,567] multiqc                                            [DEBUG  ]  No samples found: theta2
[2021-03-22 16:08:17,570] multiqc                                            [DEBUG  ]  No samples found: snpeff
[2021-03-22 16:08:17,575] multiqc                                            [DEBUG  ]  No samples found: gatk
[2021-03-22 16:08:17,579] multiqc                                            [DEBUG  ]  No samples found: htseq
[2021-03-22 16:08:17,583] multiqc                                            [DEBUG  ]  No samples found: bcftools
[2021-03-22 16:08:17,586] multiqc                                            [DEBUG  ]  No samples found: featureCounts
[2021-03-22 16:08:17,593] multiqc                                            [DEBUG  ]  No samples found: fgbio
[2021-03-22 16:08:17,599] multiqc                                            [DEBUG  ]  No samples found: dragen
[2021-03-22 16:08:17,603] multiqc                                            [DEBUG  ]  No samples found: dedup
[2021-03-22 16:08:17,607] multiqc                                            [DEBUG  ]  No samples found: damageprofiler
[2021-03-22 16:08:17,613] multiqc                                            [DEBUG  ]  No samples found: biobambam2
[2021-03-22 16:08:17,617] multiqc                                            [DEBUG  ]  No samples found: jcvi
[2021-03-22 16:08:17,621] multiqc                                            [DEBUG  ]  No samples found: mtnucratio
[2021-03-22 16:08:17,624] multiqc                                            [DEBUG  ]  No samples found: picard
[2021-03-22 16:08:17,629] multiqc                                            [DEBUG  ]  No samples found: sentieon
[2021-03-22 16:08:17,632] multiqc                                            [DEBUG  ]  No samples found: prokka
[2021-03-22 16:08:17,636] multiqc                                            [DEBUG  ]  No samples found: qc3C
[2021-03-22 16:08:17,640] multiqc                                            [DEBUG  ]  No samples found: samblaster
[2021-03-22 16:08:17,644] multiqc                                            [DEBUG  ]  No samples found: samtools
[2021-03-22 16:08:17,648] multiqc                                            [DEBUG  ]  No samples found: sexdeterrmine
[2021-03-22 16:08:17,651] multiqc                                            [DEBUG  ]  No samples found: eigenstratdatabasetools
[2021-03-22 16:08:17,655] multiqc                                            [DEBUG  ]  No samples found: bamtools
[2021-03-22 16:08:17,659] multiqc                                            [DEBUG  ]  No samples found: jellyfish
[2021-03-22 16:08:17,663] multiqc                                            [DEBUG  ]  No samples found: vcftools
[2021-03-22 16:08:17,667] multiqc                                            [DEBUG  ]  No samples found: longranger
[2021-03-22 16:08:17,671] multiqc                                            [DEBUG  ]  No samples found: stacks
[2021-03-22 16:08:17,674] multiqc                                            [DEBUG  ]  No samples found: varscan2
[2021-03-22 16:08:17,680] multiqc                                            [DEBUG  ]  No samples found: bbmap
[2021-03-22 16:08:17,684] multiqc                                            [DEBUG  ]  No samples found: bismark
[2021-03-22 16:08:17,688] multiqc                                            [DEBUG  ]  No samples found: biscuit
[2021-03-22 16:08:17,691] multiqc                                            [DEBUG  ]  No samples found: hicexplorer
[2021-03-22 16:08:17,695] multiqc                                            [DEBUG  ]  No samples found: hicup
[2021-03-22 16:08:17,699] multiqc                                            [DEBUG  ]  No samples found: hicpro
[2021-03-22 16:08:17,705] multiqc                                            [DEBUG  ]  No samples found: salmon
[2021-03-22 16:08:17,709] multiqc                                            [DEBUG  ]  No samples found: kallisto
[2021-03-22 16:08:17,713] multiqc                                            [DEBUG  ]  No samples found: slamdunk
[2021-03-22 16:08:17,717] multiqc                                            [DEBUG  ]  No samples found: star
[2021-03-22 16:08:17,721] multiqc                                            [DEBUG  ]  No samples found: hisat2
[2021-03-22 16:08:17,724] multiqc                                            [DEBUG  ]  No samples found: tophat
[2021-03-22 16:08:17,728] multiqc                                            [DEBUG  ]  No samples found: bowtie2
[2021-03-22 16:08:17,732] multiqc                                            [DEBUG  ]  No samples found: bowtie1
[2021-03-22 16:08:17,735] multiqc                                            [DEBUG  ]  No samples found: snpsplit
[2021-03-22 16:08:17,739] multiqc                                            [DEBUG  ]  No samples found: kat
[2021-03-22 16:08:17,743] multiqc                                            [DEBUG  ]  No samples found: leehom
[2021-03-22 16:08:17,747] multiqc                                            [DEBUG  ]  No samples found: adapterRemoval
[2021-03-22 16:08:17,750] multiqc                                            [DEBUG  ]  No samples found: clipandmerge
[2021-03-22 16:08:17,754] multiqc                                            [DEBUG  ]  No samples found: cutadapt
[2021-03-22 16:08:17,758] multiqc                                            [DEBUG  ]  No samples found: flexbar
[2021-03-22 16:08:17,762] multiqc                                            [DEBUG  ]  No samples found: kaiju
[2021-03-22 16:08:17,766] multiqc                                            [DEBUG  ]  No samples found: kraken
[2021-03-22 16:08:17,769] multiqc                                            [DEBUG  ]  No samples found: malt
[2021-03-22 16:08:17,773] multiqc                                            [DEBUG  ]  No samples found: trimmomatic
[2021-03-22 16:08:17,777] multiqc                                            [DEBUG  ]  No samples found: sickle
[2021-03-22 16:08:17,781] multiqc                                            [DEBUG  ]  No samples found: skewer
[2021-03-22 16:08:17,784] multiqc                                            [DEBUG  ]  No samples found: sortmerna
[2021-03-22 16:08:17,788] multiqc                                            [DEBUG  ]  No samples found: biobloomtools
[2021-03-22 16:08:17,792] multiqc                                            [DEBUG  ]  No samples found: fastq_screen
[2021-03-22 16:08:17,796] multiqc                                            [DEBUG  ]  No samples found: afterqc
[2021-03-22 16:08:17,800] multiqc                                            [DEBUG  ]  No samples found: fastp
[2021-03-22 16:08:18,220] multiqc.modules.fastqc.fastqc                      [INFO   ]  Found 38 reports
[2021-03-22 16:08:18,640] multiqc                                            [DEBUG  ]  No samples found: pychopper
[2021-03-22 16:08:18,644] multiqc                                            [DEBUG  ]  No samples found: pycoqc
[2021-03-22 16:08:18,648] multiqc                                            [DEBUG  ]  No samples found: minionqc
[2021-03-22 16:08:18,652] multiqc                                            [DEBUG  ]  No samples found: multivcfanalyzer
[2021-03-22 16:08:18,655] multiqc                                            [DEBUG  ]  No samples found: clusterflow
[2021-03-22 16:08:18,659] multiqc                                            [DEBUG  ]  No samples found: bcl2fastq
[2021-03-22 16:08:18,663] multiqc                                            [DEBUG  ]  No samples found: interop
[2021-03-22 16:08:18,667] multiqc                                            [DEBUG  ]  No samples found: ivar
[2021-03-22 16:08:18,670] multiqc                                            [DEBUG  ]  No samples found: flash
[2021-03-22 16:08:18,674] multiqc                                            [DEBUG  ]  No samples found: seqyclean
[2021-03-22 16:08:18,678] multiqc                                            [DEBUG  ]  No samples found: optitype
[2021-03-22 16:08:18,715] multiqc                                            [INFO   ]  Compressing plot data
[2021-03-22 16:08:19,075] multiqc                                            [INFO   ]  Report      : task4/multiqc_cleaning/multiqc_report.html
[2021-03-22 16:08:19,075] multiqc                                            [INFO   ]  Data        : task4/multiqc_cleaning/multiqc_data
[2021-03-22 16:08:19,075] multiqc                                            [DEBUG  ]  Moving data file from '/tmp/tmpk9izd66_/multiqc_data' to 'task4/multiqc_cleaning/multiqc_data'
[2021-03-22 16:08:19,670] multiqc                                            [INFO   ]  MultiQC complete
