[2021-03-22 10:23:45,997] multiqc                                            [DEBUG  ]  No MultiQC config found: /home/igrorp/anaconda3/envs/neo/lib/python3.6/site-packages/multiqc_config.yaml
[2021-03-22 10:23:45,997] multiqc                                            [DEBUG  ]  No MultiQC config found: /home/igrorp/.multiqc_config.yaml
[2021-03-22 10:23:45,998] multiqc                                            [DEBUG  ]  No MultiQC config found: multiqc_config.yaml
[2021-03-22 10:23:45,998] multiqc                                            [DEBUG  ]  Command used: /home/igrorp/anaconda3/envs/neo/bin/multiqc task4/raw/ -o task4/raw/multiqc_raw/
[2021-03-22 10:23:49,341] multiqc                                            [DEBUG  ]  Latest MultiQC version is v1.10
[2021-03-22 10:23:49,342] multiqc                                            [INFO   ]  This is MultiQC v1.10
[2021-03-22 10:23:49,342] multiqc                                            [DEBUG  ]  Command     : /home/igrorp/anaconda3/envs/neo/bin/multiqc task4/raw/ -o task4/raw/multiqc_raw/
[2021-03-22 10:23:49,342] multiqc                                            [DEBUG  ]  Working dir : /mnt/c/Users/Igor/OneDrive/Documents/neo
[2021-03-22 10:23:49,342] multiqc                                            [INFO   ]  Template    : default
[2021-03-22 10:23:49,342] multiqc                                            [DEBUG  ]  Running Python 3.6.13 | packaged by conda-forge | (default, Feb 19 2021, 05:36:01)  [GCC 9.3.0]
[2021-03-22 10:23:49,342] multiqc                                            [INFO   ]  Searching   : /mnt/c/Users/Igor/OneDrive/Documents/neo/task4/raw
[2021-03-22 10:23:49,343] multiqc                                            [DEBUG  ]  Analysing modules: custom_content, ngsderive, purple, conpair, peddy, somalier, methylQA, mosdepth, phantompeakqualtools, qualimap, preseq, quast, qorts, rna_seqc, rockhopper, rsem, rseqc, busco, goleft_indexcov, disambiguate, supernova, deeptools, sargasso, verifybamid, mirtrace, happy, mirtop, homer, hops, macs2, theta2, snpeff, gatk, htseq, bcftools, featureCounts, fgbio, dragen, dedup, damageprofiler, biobambam2, jcvi, mtnucratio, picard, sentieon, prokka, qc3C, samblaster, samtools, sexdeterrmine, eigenstratdatabasetools, bamtools, jellyfish, vcftools, longranger, stacks, varscan2, bbmap, bismark, biscuit, hicexplorer, hicup, hicpro, salmon, kallisto, slamdunk, star, hisat2, tophat, bowtie2, bowtie1, snpsplit, kat, leehom, adapterRemoval, clipandmerge, cutadapt, flexbar, kaiju, kraken, malt, trimmomatic, sickle, skewer, sortmerna, biobloomtools, fastq_screen, afterqc, fastp, fastqc, pychopper, pycoqc, minionqc, multivcfanalyzer, clusterflow, bcl2fastq, interop, ivar, flash, seqyclean, optitype
[2021-03-22 10:23:49,343] multiqc                                            [DEBUG  ]  Using temporary directory for creating report: /tmp/tmp5a9f94cl
[2021-03-22 10:23:49,801] multiqc                                            [DEBUG  ]  File ignored by hicexplorer because it exceeded search pattern filesize limit: F3D0_S188_L001_R1_001_fastqc.html
[2021-03-22 10:23:49,893] multiqc                                            [DEBUG  ]  File ignored by longranger/invocation because it exceeded search pattern filesize limit: F3D0_S188_L001_R1_001_fastqc.html
[2021-03-22 10:23:49,893] multiqc                                            [DEBUG  ]  File ignored by rockhopper because it exceeded search pattern filesize limit: F3D0_S188_L001_R1_001_fastqc.html
[2021-03-22 10:23:49,893] multiqc                                            [DEBUG  ]  File ignored by rseqc/bam_stat because it exceeded search pattern filesize limit: F3D0_S188_L001_R1_001_fastqc.html
[2021-03-22 10:23:49,893] multiqc                                            [DEBUG  ]  File ignored by rseqc/junction_annotation because it exceeded search pattern filesize limit: F3D0_S188_L001_R1_001_fastqc.html
[2021-03-22 10:23:49,893] multiqc                                            [DEBUG  ]  File ignored by rseqc/read_distribution because it exceeded search pattern filesize limit: F3D0_S188_L001_R1_001_fastqc.html
[2021-03-22 10:23:49,894] multiqc                                            [DEBUG  ]  File ignored by rseqc/infer_experiment because it exceeded search pattern filesize limit: F3D0_S188_L001_R1_001_fastqc.html
[2021-03-22 10:23:51,290] multiqc                                            [DEBUG  ]  File ignored by hicexplorer because it exceeded search pattern filesize limit: F3D141_S207_L001_R1_001_fastqc.html
[2021-03-22 10:23:51,378] multiqc                                            [DEBUG  ]  File ignored by longranger/invocation because it exceeded search pattern filesize limit: F3D141_S207_L001_R1_001_fastqc.html
[2021-03-22 10:23:51,378] multiqc                                            [DEBUG  ]  File ignored by rockhopper because it exceeded search pattern filesize limit: F3D141_S207_L001_R1_001_fastqc.html
[2021-03-22 10:23:51,378] multiqc                                            [DEBUG  ]  File ignored by rseqc/bam_stat because it exceeded search pattern filesize limit: F3D141_S207_L001_R1_001_fastqc.html
[2021-03-22 10:23:51,378] multiqc                                            [DEBUG  ]  File ignored by rseqc/junction_annotation because it exceeded search pattern filesize limit: F3D141_S207_L001_R1_001_fastqc.html
[2021-03-22 10:23:51,378] multiqc                                            [DEBUG  ]  File ignored by rseqc/read_distribution because it exceeded search pattern filesize limit: F3D141_S207_L001_R1_001_fastqc.html
[2021-03-22 10:23:51,378] multiqc                                            [DEBUG  ]  File ignored by rseqc/infer_experiment because it exceeded search pattern filesize limit: F3D141_S207_L001_R1_001_fastqc.html
[2021-03-22 10:23:52,486] multiqc                                            [DEBUG  ]  File ignored by hicexplorer because it exceeded search pattern filesize limit: F3D142_S208_L001_R1_001_fastqc.html
[2021-03-22 10:23:52,562] multiqc                                            [DEBUG  ]  File ignored by longranger/invocation because it exceeded search pattern filesize limit: F3D142_S208_L001_R1_001_fastqc.html
[2021-03-22 10:23:52,562] multiqc                                            [DEBUG  ]  File ignored by rockhopper because it exceeded search pattern filesize limit: F3D142_S208_L001_R1_001_fastqc.html
[2021-03-22 10:23:52,562] multiqc                                            [DEBUG  ]  File ignored by rseqc/bam_stat because it exceeded search pattern filesize limit: F3D142_S208_L001_R1_001_fastqc.html
[2021-03-22 10:23:52,562] multiqc                                            [DEBUG  ]  File ignored by rseqc/junction_annotation because it exceeded search pattern filesize limit: F3D142_S208_L001_R1_001_fastqc.html
[2021-03-22 10:23:52,562] multiqc                                            [DEBUG  ]  File ignored by rseqc/read_distribution because it exceeded search pattern filesize limit: F3D142_S208_L001_R1_001_fastqc.html
[2021-03-22 10:23:52,562] multiqc                                            [DEBUG  ]  File ignored by rseqc/infer_experiment because it exceeded search pattern filesize limit: F3D142_S208_L001_R1_001_fastqc.html
[2021-03-22 10:23:53,701] multiqc                                            [DEBUG  ]  File ignored by hicexplorer because it exceeded search pattern filesize limit: F3D143_S209_L001_R1_001_fastqc.html
[2021-03-22 10:23:53,775] multiqc                                            [DEBUG  ]  File ignored by longranger/invocation because it exceeded search pattern filesize limit: F3D143_S209_L001_R1_001_fastqc.html
[2021-03-22 10:23:53,775] multiqc                                            [DEBUG  ]  File ignored by rockhopper because it exceeded search pattern filesize limit: F3D143_S209_L001_R1_001_fastqc.html
[2021-03-22 10:23:53,775] multiqc                                            [DEBUG  ]  File ignored by rseqc/bam_stat because it exceeded search pattern filesize limit: F3D143_S209_L001_R1_001_fastqc.html
[2021-03-22 10:23:53,775] multiqc                                            [DEBUG  ]  File ignored by rseqc/junction_annotation because it exceeded search pattern filesize limit: F3D143_S209_L001_R1_001_fastqc.html
[2021-03-22 10:23:53,775] multiqc                                            [DEBUG  ]  File ignored by rseqc/read_distribution because it exceeded search pattern filesize limit: F3D143_S209_L001_R1_001_fastqc.html
[2021-03-22 10:23:53,775] multiqc                                            [DEBUG  ]  File ignored by rseqc/infer_experiment because it exceeded search pattern filesize limit: F3D143_S209_L001_R1_001_fastqc.html
[2021-03-22 10:23:54,861] multiqc                                            [DEBUG  ]  File ignored by hicexplorer because it exceeded search pattern filesize limit: F3D144_S210_L001_R1_001_fastqc.html
[2021-03-22 10:23:54,972] multiqc                                            [DEBUG  ]  File ignored by longranger/invocation because it exceeded search pattern filesize limit: F3D144_S210_L001_R1_001_fastqc.html
[2021-03-22 10:23:54,972] multiqc                                            [DEBUG  ]  File ignored by rockhopper because it exceeded search pattern filesize limit: F3D144_S210_L001_R1_001_fastqc.html
[2021-03-22 10:23:54,972] multiqc                                            [DEBUG  ]  File ignored by rseqc/bam_stat because it exceeded search pattern filesize limit: F3D144_S210_L001_R1_001_fastqc.html
[2021-03-22 10:23:54,972] multiqc                                            [DEBUG  ]  File ignored by rseqc/junction_annotation because it exceeded search pattern filesize limit: F3D144_S210_L001_R1_001_fastqc.html
[2021-03-22 10:23:54,972] multiqc                                            [DEBUG  ]  File ignored by rseqc/read_distribution because it exceeded search pattern filesize limit: F3D144_S210_L001_R1_001_fastqc.html
[2021-03-22 10:23:54,973] multiqc                                            [DEBUG  ]  File ignored by rseqc/infer_experiment because it exceeded search pattern filesize limit: F3D144_S210_L001_R1_001_fastqc.html
[2021-03-22 10:23:56,163] multiqc                                            [DEBUG  ]  File ignored by hicexplorer because it exceeded search pattern filesize limit: F3D145_S211_L001_R1_001_fastqc.html
[2021-03-22 10:23:56,280] multiqc                                            [DEBUG  ]  File ignored by longranger/invocation because it exceeded search pattern filesize limit: F3D145_S211_L001_R1_001_fastqc.html
[2021-03-22 10:23:56,280] multiqc                                            [DEBUG  ]  File ignored by rockhopper because it exceeded search pattern filesize limit: F3D145_S211_L001_R1_001_fastqc.html
[2021-03-22 10:23:56,280] multiqc                                            [DEBUG  ]  File ignored by rseqc/bam_stat because it exceeded search pattern filesize limit: F3D145_S211_L001_R1_001_fastqc.html
[2021-03-22 10:23:56,280] multiqc                                            [DEBUG  ]  File ignored by rseqc/junction_annotation because it exceeded search pattern filesize limit: F3D145_S211_L001_R1_001_fastqc.html
[2021-03-22 10:23:56,280] multiqc                                            [DEBUG  ]  File ignored by rseqc/read_distribution because it exceeded search pattern filesize limit: F3D145_S211_L001_R1_001_fastqc.html
[2021-03-22 10:23:56,280] multiqc                                            [DEBUG  ]  File ignored by rseqc/infer_experiment because it exceeded search pattern filesize limit: F3D145_S211_L001_R1_001_fastqc.html
[2021-03-22 10:23:57,611] multiqc                                            [DEBUG  ]  File ignored by hicexplorer because it exceeded search pattern filesize limit: F3D146_S212_L001_R1_001_fastqc.html
[2021-03-22 10:23:57,687] multiqc                                            [DEBUG  ]  File ignored by longranger/invocation because it exceeded search pattern filesize limit: F3D146_S212_L001_R1_001_fastqc.html
[2021-03-22 10:23:57,687] multiqc                                            [DEBUG  ]  File ignored by rockhopper because it exceeded search pattern filesize limit: F3D146_S212_L001_R1_001_fastqc.html
[2021-03-22 10:23:57,687] multiqc                                            [DEBUG  ]  File ignored by rseqc/bam_stat because it exceeded search pattern filesize limit: F3D146_S212_L001_R1_001_fastqc.html
[2021-03-22 10:23:57,687] multiqc                                            [DEBUG  ]  File ignored by rseqc/junction_annotation because it exceeded search pattern filesize limit: F3D146_S212_L001_R1_001_fastqc.html
[2021-03-22 10:23:57,687] multiqc                                            [DEBUG  ]  File ignored by rseqc/read_distribution because it exceeded search pattern filesize limit: F3D146_S212_L001_R1_001_fastqc.html
[2021-03-22 10:23:57,687] multiqc                                            [DEBUG  ]  File ignored by rseqc/infer_experiment because it exceeded search pattern filesize limit: F3D146_S212_L001_R1_001_fastqc.html
[2021-03-22 10:23:58,842] multiqc                                            [DEBUG  ]  File ignored by hicexplorer because it exceeded search pattern filesize limit: F3D147_S213_L001_R1_001_fastqc.html
[2021-03-22 10:23:58,925] multiqc                                            [DEBUG  ]  File ignored by longranger/invocation because it exceeded search pattern filesize limit: F3D147_S213_L001_R1_001_fastqc.html
[2021-03-22 10:23:58,926] multiqc                                            [DEBUG  ]  File ignored by rockhopper because it exceeded search pattern filesize limit: F3D147_S213_L001_R1_001_fastqc.html
[2021-03-22 10:23:58,926] multiqc                                            [DEBUG  ]  File ignored by rseqc/bam_stat because it exceeded search pattern filesize limit: F3D147_S213_L001_R1_001_fastqc.html
[2021-03-22 10:23:58,926] multiqc                                            [DEBUG  ]  File ignored by rseqc/junction_annotation because it exceeded search pattern filesize limit: F3D147_S213_L001_R1_001_fastqc.html
[2021-03-22 10:23:58,926] multiqc                                            [DEBUG  ]  File ignored by rseqc/read_distribution because it exceeded search pattern filesize limit: F3D147_S213_L001_R1_001_fastqc.html
[2021-03-22 10:23:58,926] multiqc                                            [DEBUG  ]  File ignored by rseqc/infer_experiment because it exceeded search pattern filesize limit: F3D147_S213_L001_R1_001_fastqc.html
[2021-03-22 10:24:00,073] multiqc                                            [DEBUG  ]  File ignored by hicexplorer because it exceeded search pattern filesize limit: F3D148_S214_L001_R1_001_fastqc.html
[2021-03-22 10:24:00,149] multiqc                                            [DEBUG  ]  File ignored by longranger/invocation because it exceeded search pattern filesize limit: F3D148_S214_L001_R1_001_fastqc.html
[2021-03-22 10:24:00,149] multiqc                                            [DEBUG  ]  File ignored by rockhopper because it exceeded search pattern filesize limit: F3D148_S214_L001_R1_001_fastqc.html
[2021-03-22 10:24:00,149] multiqc                                            [DEBUG  ]  File ignored by rseqc/bam_stat because it exceeded search pattern filesize limit: F3D148_S214_L001_R1_001_fastqc.html
[2021-03-22 10:24:00,149] multiqc                                            [DEBUG  ]  File ignored by rseqc/junction_annotation because it exceeded search pattern filesize limit: F3D148_S214_L001_R1_001_fastqc.html
[2021-03-22 10:24:00,149] multiqc                                            [DEBUG  ]  File ignored by rseqc/read_distribution because it exceeded search pattern filesize limit: F3D148_S214_L001_R1_001_fastqc.html
[2021-03-22 10:24:00,149] multiqc                                            [DEBUG  ]  File ignored by rseqc/infer_experiment because it exceeded search pattern filesize limit: F3D148_S214_L001_R1_001_fastqc.html
[2021-03-22 10:24:01,324] multiqc                                            [DEBUG  ]  File ignored by hicexplorer because it exceeded search pattern filesize limit: F3D149_S215_L001_R1_001_fastqc.html
[2021-03-22 10:24:01,397] multiqc                                            [DEBUG  ]  File ignored by longranger/invocation because it exceeded search pattern filesize limit: F3D149_S215_L001_R1_001_fastqc.html
[2021-03-22 10:24:01,398] multiqc                                            [DEBUG  ]  File ignored by rockhopper because it exceeded search pattern filesize limit: F3D149_S215_L001_R1_001_fastqc.html
[2021-03-22 10:24:01,398] multiqc                                            [DEBUG  ]  File ignored by rseqc/bam_stat because it exceeded search pattern filesize limit: F3D149_S215_L001_R1_001_fastqc.html
[2021-03-22 10:24:01,398] multiqc                                            [DEBUG  ]  File ignored by rseqc/junction_annotation because it exceeded search pattern filesize limit: F3D149_S215_L001_R1_001_fastqc.html
[2021-03-22 10:24:01,398] multiqc                                            [DEBUG  ]  File ignored by rseqc/read_distribution because it exceeded search pattern filesize limit: F3D149_S215_L001_R1_001_fastqc.html
[2021-03-22 10:24:01,398] multiqc                                            [DEBUG  ]  File ignored by rseqc/infer_experiment because it exceeded search pattern filesize limit: F3D149_S215_L001_R1_001_fastqc.html
[2021-03-22 10:24:02,532] multiqc                                            [DEBUG  ]  File ignored by hicexplorer because it exceeded search pattern filesize limit: F3D150_S216_L001_R1_001_fastqc.html
[2021-03-22 10:24:02,649] multiqc                                            [DEBUG  ]  File ignored by longranger/invocation because it exceeded search pattern filesize limit: F3D150_S216_L001_R1_001_fastqc.html
[2021-03-22 10:24:02,650] multiqc                                            [DEBUG  ]  File ignored by rockhopper because it exceeded search pattern filesize limit: F3D150_S216_L001_R1_001_fastqc.html
[2021-03-22 10:24:02,650] multiqc                                            [DEBUG  ]  File ignored by rseqc/bam_stat because it exceeded search pattern filesize limit: F3D150_S216_L001_R1_001_fastqc.html
[2021-03-22 10:24:02,650] multiqc                                            [DEBUG  ]  File ignored by rseqc/junction_annotation because it exceeded search pattern filesize limit: F3D150_S216_L001_R1_001_fastqc.html
[2021-03-22 10:24:02,650] multiqc                                            [DEBUG  ]  File ignored by rseqc/read_distribution because it exceeded search pattern filesize limit: F3D150_S216_L001_R1_001_fastqc.html
[2021-03-22 10:24:02,650] multiqc                                            [DEBUG  ]  File ignored by rseqc/infer_experiment because it exceeded search pattern filesize limit: F3D150_S216_L001_R1_001_fastqc.html
[2021-03-22 10:24:03,777] multiqc                                            [DEBUG  ]  File ignored by hicexplorer because it exceeded search pattern filesize limit: F3D1_S189_L001_R1_001_fastqc.html
[2021-03-22 10:24:03,849] multiqc                                            [DEBUG  ]  File ignored by longranger/invocation because it exceeded search pattern filesize limit: F3D1_S189_L001_R1_001_fastqc.html
[2021-03-22 10:24:03,849] multiqc                                            [DEBUG  ]  File ignored by rockhopper because it exceeded search pattern filesize limit: F3D1_S189_L001_R1_001_fastqc.html
[2021-03-22 10:24:03,849] multiqc                                            [DEBUG  ]  File ignored by rseqc/bam_stat because it exceeded search pattern filesize limit: F3D1_S189_L001_R1_001_fastqc.html
[2021-03-22 10:24:03,849] multiqc                                            [DEBUG  ]  File ignored by rseqc/junction_annotation because it exceeded search pattern filesize limit: F3D1_S189_L001_R1_001_fastqc.html
[2021-03-22 10:24:03,850] multiqc                                            [DEBUG  ]  File ignored by rseqc/read_distribution because it exceeded search pattern filesize limit: F3D1_S189_L001_R1_001_fastqc.html
[2021-03-22 10:24:03,850] multiqc                                            [DEBUG  ]  File ignored by rseqc/infer_experiment because it exceeded search pattern filesize limit: F3D1_S189_L001_R1_001_fastqc.html
[2021-03-22 10:24:04,989] multiqc                                            [DEBUG  ]  File ignored by hicexplorer because it exceeded search pattern filesize limit: F3D2_S190_L001_R1_001_fastqc.html
[2021-03-22 10:24:05,062] multiqc                                            [DEBUG  ]  File ignored by longranger/invocation because it exceeded search pattern filesize limit: F3D2_S190_L001_R1_001_fastqc.html
[2021-03-22 10:24:05,062] multiqc                                            [DEBUG  ]  File ignored by rockhopper because it exceeded search pattern filesize limit: F3D2_S190_L001_R1_001_fastqc.html
[2021-03-22 10:24:05,062] multiqc                                            [DEBUG  ]  File ignored by rseqc/bam_stat because it exceeded search pattern filesize limit: F3D2_S190_L001_R1_001_fastqc.html
[2021-03-22 10:24:05,062] multiqc                                            [DEBUG  ]  File ignored by rseqc/junction_annotation because it exceeded search pattern filesize limit: F3D2_S190_L001_R1_001_fastqc.html
[2021-03-22 10:24:05,062] multiqc                                            [DEBUG  ]  File ignored by rseqc/read_distribution because it exceeded search pattern filesize limit: F3D2_S190_L001_R1_001_fastqc.html
[2021-03-22 10:24:05,062] multiqc                                            [DEBUG  ]  File ignored by rseqc/infer_experiment because it exceeded search pattern filesize limit: F3D2_S190_L001_R1_001_fastqc.html
[2021-03-22 10:24:06,212] multiqc                                            [DEBUG  ]  File ignored by hicexplorer because it exceeded search pattern filesize limit: F3D3_S191_L001_R1_001_fastqc.html
[2021-03-22 10:24:06,285] multiqc                                            [DEBUG  ]  File ignored by longranger/invocation because it exceeded search pattern filesize limit: F3D3_S191_L001_R1_001_fastqc.html
[2021-03-22 10:24:06,285] multiqc                                            [DEBUG  ]  File ignored by rockhopper because it exceeded search pattern filesize limit: F3D3_S191_L001_R1_001_fastqc.html
[2021-03-22 10:24:06,285] multiqc                                            [DEBUG  ]  File ignored by rseqc/bam_stat because it exceeded search pattern filesize limit: F3D3_S191_L001_R1_001_fastqc.html
[2021-03-22 10:24:06,285] multiqc                                            [DEBUG  ]  File ignored by rseqc/junction_annotation because it exceeded search pattern filesize limit: F3D3_S191_L001_R1_001_fastqc.html
[2021-03-22 10:24:06,285] multiqc                                            [DEBUG  ]  File ignored by rseqc/read_distribution because it exceeded search pattern filesize limit: F3D3_S191_L001_R1_001_fastqc.html
[2021-03-22 10:24:06,285] multiqc                                            [DEBUG  ]  File ignored by rseqc/infer_experiment because it exceeded search pattern filesize limit: F3D3_S191_L001_R1_001_fastqc.html
[2021-03-22 10:24:07,424] multiqc                                            [DEBUG  ]  File ignored by hicexplorer because it exceeded search pattern filesize limit: F3D5_S193_L001_R1_001_fastqc.html
[2021-03-22 10:24:07,499] multiqc                                            [DEBUG  ]  File ignored by longranger/invocation because it exceeded search pattern filesize limit: F3D5_S193_L001_R1_001_fastqc.html
[2021-03-22 10:24:07,499] multiqc                                            [DEBUG  ]  File ignored by rockhopper because it exceeded search pattern filesize limit: F3D5_S193_L001_R1_001_fastqc.html
[2021-03-22 10:24:07,499] multiqc                                            [DEBUG  ]  File ignored by rseqc/bam_stat because it exceeded search pattern filesize limit: F3D5_S193_L001_R1_001_fastqc.html
[2021-03-22 10:24:07,499] multiqc                                            [DEBUG  ]  File ignored by rseqc/junction_annotation because it exceeded search pattern filesize limit: F3D5_S193_L001_R1_001_fastqc.html
[2021-03-22 10:24:07,500] multiqc                                            [DEBUG  ]  File ignored by rseqc/read_distribution because it exceeded search pattern filesize limit: F3D5_S193_L001_R1_001_fastqc.html
[2021-03-22 10:24:07,500] multiqc                                            [DEBUG  ]  File ignored by rseqc/infer_experiment because it exceeded search pattern filesize limit: F3D5_S193_L001_R1_001_fastqc.html
[2021-03-22 10:24:08,643] multiqc                                            [DEBUG  ]  File ignored by hicexplorer because it exceeded search pattern filesize limit: F3D6_S194_L001_R1_001_fastqc.html
[2021-03-22 10:24:08,719] multiqc                                            [DEBUG  ]  File ignored by longranger/invocation because it exceeded search pattern filesize limit: F3D6_S194_L001_R1_001_fastqc.html
[2021-03-22 10:24:08,719] multiqc                                            [DEBUG  ]  File ignored by rockhopper because it exceeded search pattern filesize limit: F3D6_S194_L001_R1_001_fastqc.html
[2021-03-22 10:24:08,719] multiqc                                            [DEBUG  ]  File ignored by rseqc/bam_stat because it exceeded search pattern filesize limit: F3D6_S194_L001_R1_001_fastqc.html
[2021-03-22 10:24:08,719] multiqc                                            [DEBUG  ]  File ignored by rseqc/junction_annotation because it exceeded search pattern filesize limit: F3D6_S194_L001_R1_001_fastqc.html
[2021-03-22 10:24:08,719] multiqc                                            [DEBUG  ]  File ignored by rseqc/read_distribution because it exceeded search pattern filesize limit: F3D6_S194_L001_R1_001_fastqc.html
[2021-03-22 10:24:08,719] multiqc                                            [DEBUG  ]  File ignored by rseqc/infer_experiment because it exceeded search pattern filesize limit: F3D6_S194_L001_R1_001_fastqc.html
[2021-03-22 10:24:09,888] multiqc                                            [DEBUG  ]  File ignored by hicexplorer because it exceeded search pattern filesize limit: F3D7_S195_L001_R1_001_fastqc.html
[2021-03-22 10:24:09,962] multiqc                                            [DEBUG  ]  File ignored by longranger/invocation because it exceeded search pattern filesize limit: F3D7_S195_L001_R1_001_fastqc.html
[2021-03-22 10:24:09,962] multiqc                                            [DEBUG  ]  File ignored by rockhopper because it exceeded search pattern filesize limit: F3D7_S195_L001_R1_001_fastqc.html
[2021-03-22 10:24:09,962] multiqc                                            [DEBUG  ]  File ignored by rseqc/bam_stat because it exceeded search pattern filesize limit: F3D7_S195_L001_R1_001_fastqc.html
[2021-03-22 10:24:09,962] multiqc                                            [DEBUG  ]  File ignored by rseqc/junction_annotation because it exceeded search pattern filesize limit: F3D7_S195_L001_R1_001_fastqc.html
[2021-03-22 10:24:09,962] multiqc                                            [DEBUG  ]  File ignored by rseqc/read_distribution because it exceeded search pattern filesize limit: F3D7_S195_L001_R1_001_fastqc.html
[2021-03-22 10:24:09,962] multiqc                                            [DEBUG  ]  File ignored by rseqc/infer_experiment because it exceeded search pattern filesize limit: F3D7_S195_L001_R1_001_fastqc.html
[2021-03-22 10:24:11,123] multiqc                                            [DEBUG  ]  File ignored by hicexplorer because it exceeded search pattern filesize limit: F3D8_S196_L001_R1_001_fastqc.html
[2021-03-22 10:24:11,217] multiqc                                            [DEBUG  ]  File ignored by longranger/invocation because it exceeded search pattern filesize limit: F3D8_S196_L001_R1_001_fastqc.html
[2021-03-22 10:24:11,217] multiqc                                            [DEBUG  ]  File ignored by rockhopper because it exceeded search pattern filesize limit: F3D8_S196_L001_R1_001_fastqc.html
[2021-03-22 10:24:11,217] multiqc                                            [DEBUG  ]  File ignored by rseqc/bam_stat because it exceeded search pattern filesize limit: F3D8_S196_L001_R1_001_fastqc.html
[2021-03-22 10:24:11,217] multiqc                                            [DEBUG  ]  File ignored by rseqc/junction_annotation because it exceeded search pattern filesize limit: F3D8_S196_L001_R1_001_fastqc.html
[2021-03-22 10:24:11,217] multiqc                                            [DEBUG  ]  File ignored by rseqc/read_distribution because it exceeded search pattern filesize limit: F3D8_S196_L001_R1_001_fastqc.html
[2021-03-22 10:24:11,217] multiqc                                            [DEBUG  ]  File ignored by rseqc/infer_experiment because it exceeded search pattern filesize limit: F3D8_S196_L001_R1_001_fastqc.html
[2021-03-22 10:24:12,529] multiqc                                            [DEBUG  ]  File ignored by hicexplorer because it exceeded search pattern filesize limit: F3D9_S197_L001_R1_001_fastqc.html
[2021-03-22 10:24:12,604] multiqc                                            [DEBUG  ]  File ignored by longranger/invocation because it exceeded search pattern filesize limit: F3D9_S197_L001_R1_001_fastqc.html
[2021-03-22 10:24:12,604] multiqc                                            [DEBUG  ]  File ignored by rockhopper because it exceeded search pattern filesize limit: F3D9_S197_L001_R1_001_fastqc.html
[2021-03-22 10:24:12,604] multiqc                                            [DEBUG  ]  File ignored by rseqc/bam_stat because it exceeded search pattern filesize limit: F3D9_S197_L001_R1_001_fastqc.html
[2021-03-22 10:24:12,604] multiqc                                            [DEBUG  ]  File ignored by rseqc/junction_annotation because it exceeded search pattern filesize limit: F3D9_S197_L001_R1_001_fastqc.html
[2021-03-22 10:24:12,604] multiqc                                            [DEBUG  ]  File ignored by rseqc/read_distribution because it exceeded search pattern filesize limit: F3D9_S197_L001_R1_001_fastqc.html
[2021-03-22 10:24:12,604] multiqc                                            [DEBUG  ]  File ignored by rseqc/infer_experiment because it exceeded search pattern filesize limit: F3D9_S197_L001_R1_001_fastqc.html
[2021-03-22 10:24:14,330] multiqc.plots.bargraph                             [DEBUG  ]  Using matplotlib version 3.3.4
[2021-03-22 10:24:14,330] multiqc.plots.linegraph                            [DEBUG  ]  Using matplotlib version 3.3.4
[2021-03-22 10:24:14,331] multiqc                                            [DEBUG  ]  No samples found: custom_content
[2021-03-22 10:24:14,337] multiqc                                            [DEBUG  ]  No samples found: ngsderive
[2021-03-22 10:24:14,341] multiqc                                            [DEBUG  ]  No samples found: purple
[2021-03-22 10:24:14,345] multiqc                                            [DEBUG  ]  No samples found: conpair
[2021-03-22 10:24:14,349] multiqc                                            [DEBUG  ]  No samples found: peddy
[2021-03-22 10:24:14,354] multiqc                                            [DEBUG  ]  No samples found: somalier
[2021-03-22 10:24:14,358] multiqc                                            [DEBUG  ]  No samples found: methylQA
[2021-03-22 10:24:14,363] multiqc                                            [DEBUG  ]  No samples found: mosdepth
[2021-03-22 10:24:14,367] multiqc                                            [DEBUG  ]  No samples found: phantompeakqualtools
[2021-03-22 10:24:14,371] multiqc                                            [DEBUG  ]  No samples found: qualimap
[2021-03-22 10:24:14,375] multiqc                                            [DEBUG  ]  No samples found: preseq
[2021-03-22 10:24:14,379] multiqc                                            [DEBUG  ]  No samples found: quast
[2021-03-22 10:24:14,383] multiqc                                            [DEBUG  ]  No samples found: qorts
[2021-03-22 10:24:14,387] multiqc                                            [DEBUG  ]  No samples found: rna_seqc
[2021-03-22 10:24:14,391] multiqc                                            [DEBUG  ]  No samples found: rockhopper
[2021-03-22 10:24:14,395] multiqc                                            [DEBUG  ]  No samples found: rsem
[2021-03-22 10:24:14,401] multiqc                                            [DEBUG  ]  No samples found: rseqc
[2021-03-22 10:24:14,405] multiqc                                            [DEBUG  ]  No samples found: busco
[2021-03-22 10:24:14,409] multiqc                                            [DEBUG  ]  No samples found: goleft_indexcov
[2021-03-22 10:24:14,413] multiqc                                            [DEBUG  ]  No samples found: disambiguate
[2021-03-22 10:24:14,417] multiqc                                            [DEBUG  ]  No samples found: supernova
[2021-03-22 10:24:14,423] multiqc                                            [DEBUG  ]  No samples found: deeptools
[2021-03-22 10:24:14,429] multiqc                                            [DEBUG  ]  No samples found: sargasso
[2021-03-22 10:24:14,434] multiqc                                            [DEBUG  ]  No samples found: verifybamid
[2021-03-22 10:24:14,439] multiqc                                            [DEBUG  ]  No samples found: mirtrace
[2021-03-22 10:24:14,443] multiqc                                            [DEBUG  ]  No samples found: happy
[2021-03-22 10:24:14,447] multiqc                                            [DEBUG  ]  No samples found: mirtop
[2021-03-22 10:24:14,452] multiqc                                            [DEBUG  ]  No samples found: homer
[2021-03-22 10:24:14,456] multiqc                                            [DEBUG  ]  No samples found: hops
[2021-03-22 10:24:14,460] multiqc                                            [DEBUG  ]  No samples found: macs2
[2021-03-22 10:24:14,463] multiqc                                            [DEBUG  ]  No samples found: theta2
[2021-03-22 10:24:14,468] multiqc                                            [DEBUG  ]  No samples found: snpeff
[2021-03-22 10:24:14,472] multiqc                                            [DEBUG  ]  No samples found: gatk
[2021-03-22 10:24:14,476] multiqc                                            [DEBUG  ]  No samples found: htseq
[2021-03-22 10:24:14,480] multiqc                                            [DEBUG  ]  No samples found: bcftools
[2021-03-22 10:24:14,484] multiqc                                            [DEBUG  ]  No samples found: featureCounts
[2021-03-22 10:24:14,505] multiqc                                            [DEBUG  ]  No samples found: fgbio
[2021-03-22 10:24:14,517] multiqc                                            [DEBUG  ]  No samples found: dragen
[2021-03-22 10:24:14,521] multiqc                                            [DEBUG  ]  No samples found: dedup
[2021-03-22 10:24:14,525] multiqc                                            [DEBUG  ]  No samples found: damageprofiler
[2021-03-22 10:24:14,534] multiqc                                            [DEBUG  ]  No samples found: biobambam2
[2021-03-22 10:24:14,538] multiqc                                            [DEBUG  ]  No samples found: jcvi
[2021-03-22 10:24:14,542] multiqc                                            [DEBUG  ]  No samples found: mtnucratio
[2021-03-22 10:24:14,546] multiqc                                            [DEBUG  ]  No samples found: picard
[2021-03-22 10:24:14,550] multiqc                                            [DEBUG  ]  No samples found: sentieon
[2021-03-22 10:24:14,554] multiqc                                            [DEBUG  ]  No samples found: prokka
[2021-03-22 10:24:14,559] multiqc                                            [DEBUG  ]  No samples found: qc3C
[2021-03-22 10:24:14,562] multiqc                                            [DEBUG  ]  No samples found: samblaster
[2021-03-22 10:24:14,567] multiqc                                            [DEBUG  ]  No samples found: samtools
[2021-03-22 10:24:14,571] multiqc                                            [DEBUG  ]  No samples found: sexdeterrmine
[2021-03-22 10:24:14,575] multiqc                                            [DEBUG  ]  No samples found: eigenstratdatabasetools
[2021-03-22 10:24:14,579] multiqc                                            [DEBUG  ]  No samples found: bamtools
[2021-03-22 10:24:14,583] multiqc                                            [DEBUG  ]  No samples found: jellyfish
[2021-03-22 10:24:14,588] multiqc                                            [DEBUG  ]  No samples found: vcftools
[2021-03-22 10:24:14,592] multiqc                                            [DEBUG  ]  No samples found: longranger
[2021-03-22 10:24:14,595] multiqc                                            [DEBUG  ]  No samples found: stacks
[2021-03-22 10:24:14,599] multiqc                                            [DEBUG  ]  No samples found: varscan2
[2021-03-22 10:24:14,612] multiqc                                            [DEBUG  ]  No samples found: bbmap
[2021-03-22 10:24:14,616] multiqc                                            [DEBUG  ]  No samples found: bismark
[2021-03-22 10:24:14,620] multiqc                                            [DEBUG  ]  No samples found: biscuit
[2021-03-22 10:24:14,624] multiqc                                            [DEBUG  ]  No samples found: hicexplorer
[2021-03-22 10:24:14,628] multiqc                                            [DEBUG  ]  No samples found: hicup
[2021-03-22 10:24:14,631] multiqc                                            [DEBUG  ]  No samples found: hicpro
[2021-03-22 10:24:14,635] multiqc                                            [DEBUG  ]  No samples found: salmon
[2021-03-22 10:24:14,639] multiqc                                            [DEBUG  ]  No samples found: kallisto
[2021-03-22 10:24:14,643] multiqc                                            [DEBUG  ]  No samples found: slamdunk
[2021-03-22 10:24:14,647] multiqc                                            [DEBUG  ]  No samples found: star
[2021-03-22 10:24:14,651] multiqc                                            [DEBUG  ]  No samples found: hisat2
[2021-03-22 10:24:14,655] multiqc                                            [DEBUG  ]  No samples found: tophat
[2021-03-22 10:24:14,659] multiqc                                            [DEBUG  ]  No samples found: bowtie2
[2021-03-22 10:24:14,663] multiqc                                            [DEBUG  ]  No samples found: bowtie1
[2021-03-22 10:24:14,666] multiqc                                            [DEBUG  ]  No samples found: snpsplit
[2021-03-22 10:24:14,670] multiqc                                            [DEBUG  ]  No samples found: kat
[2021-03-22 10:24:14,674] multiqc                                            [DEBUG  ]  No samples found: leehom
[2021-03-22 10:24:14,678] multiqc                                            [DEBUG  ]  No samples found: adapterRemoval
[2021-03-22 10:24:14,681] multiqc                                            [DEBUG  ]  No samples found: clipandmerge
[2021-03-22 10:24:14,685] multiqc                                            [DEBUG  ]  No samples found: cutadapt
[2021-03-22 10:24:14,689] multiqc                                            [DEBUG  ]  No samples found: flexbar
[2021-03-22 10:24:14,693] multiqc                                            [DEBUG  ]  No samples found: kaiju
[2021-03-22 10:24:14,696] multiqc                                            [DEBUG  ]  No samples found: kraken
[2021-03-22 10:24:14,700] multiqc                                            [DEBUG  ]  No samples found: malt
[2021-03-22 10:24:14,704] multiqc                                            [DEBUG  ]  No samples found: trimmomatic
[2021-03-22 10:24:14,714] multiqc                                            [DEBUG  ]  No samples found: sickle
[2021-03-22 10:24:14,718] multiqc                                            [DEBUG  ]  No samples found: skewer
[2021-03-22 10:24:14,721] multiqc                                            [DEBUG  ]  No samples found: sortmerna
[2021-03-22 10:24:14,725] multiqc                                            [DEBUG  ]  No samples found: biobloomtools
[2021-03-22 10:24:14,729] multiqc                                            [DEBUG  ]  No samples found: fastq_screen
[2021-03-22 10:24:14,733] multiqc                                            [DEBUG  ]  No samples found: afterqc
[2021-03-22 10:24:14,737] multiqc                                            [DEBUG  ]  No samples found: fastp
[2021-03-22 10:24:14,968] multiqc.modules.fastqc.fastqc                      [INFO   ]  Found 19 reports
[2021-03-22 10:24:15,188] multiqc                                            [DEBUG  ]  No samples found: pychopper
[2021-03-22 10:24:15,193] multiqc                                            [DEBUG  ]  No samples found: pycoqc
[2021-03-22 10:24:15,197] multiqc                                            [DEBUG  ]  No samples found: minionqc
[2021-03-22 10:24:15,201] multiqc                                            [DEBUG  ]  No samples found: multivcfanalyzer
[2021-03-22 10:24:15,206] multiqc                                            [DEBUG  ]  No samples found: clusterflow
[2021-03-22 10:24:15,210] multiqc                                            [DEBUG  ]  No samples found: bcl2fastq
[2021-03-22 10:24:15,214] multiqc                                            [DEBUG  ]  No samples found: interop
[2021-03-22 10:24:15,218] multiqc                                            [DEBUG  ]  No samples found: ivar
[2021-03-22 10:24:15,223] multiqc                                            [DEBUG  ]  No samples found: flash
[2021-03-22 10:24:15,227] multiqc                                            [DEBUG  ]  No samples found: seqyclean
[2021-03-22 10:24:15,231] multiqc                                            [DEBUG  ]  No samples found: optitype
[2021-03-22 10:24:15,278] multiqc                                            [INFO   ]  Compressing plot data
[2021-03-22 10:24:15,453] multiqc                                            [INFO   ]  Report      : task4/raw/multiqc_raw/multiqc_report.html
[2021-03-22 10:24:15,453] multiqc                                            [INFO   ]  Data        : task4/raw/multiqc_raw/multiqc_data
[2021-03-22 10:24:15,453] multiqc                                            [DEBUG  ]  Moving data file from '/tmp/tmp5a9f94cl/multiqc_data' to 'task4/raw/multiqc_raw/multiqc_data'
[2021-03-22 10:24:19,407] multiqc                                            [INFO   ]  MultiQC complete
